GLPSOL: GLPK LP/MIP Solver, v4.65
Parameter(s) specified in the command line:
 --log result\single-year-20221017T1414\scenario_base.log --write C:\Users\MOUADH~1\AppData\Local\Temp\tmp9fo_xkqi.glpk.raw
 --wglp C:\Users\MOUADH~1\AppData\Local\Temp\tmp0e1bjp7e.glpk.glp --cpxlp
 C:\Users\MOUADH~1\AppData\Local\Temp\tmp0na55e4d.pyomo.lp
Reading problem data from 'C:\Users\MOUADH~1\AppData\Local\Temp\tmp0na55e4d.pyomo.lp'...
6801 rows, 7250 columns, 24373 non-zeros
52040 lines were read
Writing problem data to 'C:\Users\MOUADH~1\AppData\Local\Temp\tmp0e1bjp7e.glpk.glp'...
42005 lines were written
GLPK Simplex Optimizer, v4.65
6801 rows, 7250 columns, 24373 non-zeros
Preprocessing...
5123 rows, 5878 columns, 19768 non-zeros
Scaling...
 A: min|aij| =  2.463e-04  max|aij| =  3.650e+02  ratio =  1.482e+06
GM: min|aij| =  2.477e-01  max|aij| =  4.038e+00  ratio =  1.630e+01
EQ: min|aij| =  6.134e-02  max|aij| =  1.000e+00  ratio =  1.630e+01
Constructing initial basis...
Size of triangular part is 5120
      0: obj =   5.654449478e+11 inf =   8.635e+05 (17)
     31: obj =   5.945670678e+11 inf =   1.966e-11 (0)
*  1796: obj =   1.855182337e+10 inf =   1.420e-12 (0) 14
OPTIMAL LP SOLUTION FOUND
Time used:   0.9 secs
Memory used: 8.9 Mb (9288131 bytes)
Writing basic solution to 'C:\Users\MOUADH~1\AppData\Local\Temp\tmp9fo_xkqi.glpk.raw'...
14060 lines were written
