GLPSOL: GLPK LP/MIP Solver, v4.65
Parameter(s) specified in the command line:
 --log result\single-year-20221017T1414\scenario_no_dsm.log --write C:\Users\MOUADH~1\AppData\Local\Temp\tmpfinzge65.glpk.raw
 --wglp C:\Users\MOUADH~1\AppData\Local\Temp\tmp2xfi77h7.glpk.glp --cpxlp
 C:\Users\MOUADH~1\AppData\Local\Temp\tmpn8w4mhum.pyomo.lp
Reading problem data from 'C:\Users\MOUADH~1\AppData\Local\Temp\tmpn8w4mhum.pyomo.lp'...
6441 rows, 6252 columns, 20309 non-zeros
45898 lines were read
Writing problem data to 'C:\Users\MOUADH~1\AppData\Local\Temp\tmp2xfi77h7.glpk.glp'...
36295 lines were written
GLPK Simplex Optimizer, v4.65
6441 rows, 6252 columns, 20309 non-zeros
Preprocessing...
4979 rows, 4974 columns, 16200 non-zeros
Scaling...
 A: min|aij| =  2.463e-04  max|aij| =  3.650e+02  ratio =  1.482e+06
GM: min|aij| =  2.477e-01  max|aij| =  4.038e+00  ratio =  1.630e+01
EQ: min|aij| =  6.134e-02  max|aij| =  1.000e+00  ratio =  1.630e+01
Constructing initial basis...
Size of triangular part is 4976
      0: obj =   5.654449478e+11 inf =   8.635e+05 (17)
     34: obj =   5.946570123e+11 inf =   1.833e-11 (0)
*  1243: obj =   1.863160220e+10 inf =   0.000e+00 (0) 10
OPTIMAL LP SOLUTION FOUND
Time used:   0.5 secs
Memory used: 7.9 Mb (8232915 bytes)
Writing basic solution to 'C:\Users\MOUADH~1\AppData\Local\Temp\tmpfinzge65.glpk.raw'...
12702 lines were written
