GLPSOL: GLPK LP/MIP Solver, v4.65
Parameter(s) specified in the command line:
 --log result\single-year-20221017T1419\scenario_base.log --write C:\Users\MOUADH~1\AppData\Local\Temp\tmpvo82vor6.glpk.raw
 --wglp C:\Users\MOUADH~1\AppData\Local\Temp\tmpzo_a134m.glpk.glp --cpxlp
 C:\Users\MOUADH~1\AppData\Local\Temp\tmp02el97pk.pyomo.lp
Reading problem data from 'C:\Users\MOUADH~1\AppData\Local\Temp\tmp02el97pk.pyomo.lp'...
2444145 rows, 2750354 columns, 9334132 non-zeros
19416935 lines were read
Writing problem data to 'C:\Users\MOUADH~1\AppData\Local\Temp\tmpzo_a134m.glpk.glp'...
15798932 lines were written
GLPK Simplex Optimizer, v4.65
2444145 rows, 2750354 columns, 9334132 non-zeros
Preprocessing...
1880969 rows, 2268879 columns, 7749442 non-zeros
Scaling...
 A: min|aij| =  2.637e-06  max|aij| =  1.857e+00  ratio =  7.042e+05
GM: min|aij| =  1.156e-01  max|aij| =  8.651e+00  ratio =  7.484e+01
EQ: min|aij| =  1.336e-02  max|aij| =  1.000e+00  ratio =  7.484e+01
Constructing initial basis...
Size of triangular part is 1880966
      0: obj =   6.459654701e+11 inf =   3.534e+07 (6435)
     50: obj =   6.459654701e+11 inf =   3.534e+07 (6435)
    109: obj =   6.459654701e+11 inf =   3.534e+07 (6435)
    169: obj =   6.459654701e+11 inf =   3.534e+07 (6435)
Perturbing LP to avoid stalling [199]...
    223: obj =   6.459654701e+11 inf =   3.534e+07 (6435)
    279: obj =   6.459654701e+11 inf =   3.534e+07 (6435)
    336: obj =   6.459654701e+11 inf =   3.534e+07 (6435)
    389: obj =   6.459654701e+11 inf =   3.534e+07 (6435)
    448: obj =   6.459654701e+11 inf =   3.534e+07 (6435)
    504: obj =   6.459654701e+11 inf =   3.534e+07 (6435)
    560: obj =   6.459654701e+11 inf =   3.534e+07 (6435)
    619: obj =   6.459654701e+11 inf =   3.534e+07 (6435)
    675: obj =   6.459654701e+11 inf =   3.534e+07 (6435)
    730: obj =   6.459654701e+11 inf =   3.534e+07 (6435)
    788: obj =   6.459654701e+11 inf =   3.534e+07 (6435)
    846: obj =   6.459654701e+11 inf =   3.534e+07 (6435)
    901: obj =   6.459654701e+11 inf =   3.534e+07 (6435)
    961: obj =   6.459654701e+11 inf =   3.534e+07 (6435)
   1020: obj =   6.459654701e+11 inf =   3.534e+07 (6435)
   1076: obj =   6.459654701e+11 inf =   3.534e+07 (6435)
   1135: obj =   6.459654701e+11 inf =   3.534e+07 (6435)
   1195: obj =   6.459654701e+11 inf =   3.534e+07 (6435)
   1251: obj =   6.459654701e+11 inf =   3.534e+07 (6435)
   1310: obj =   6.459654701e+11 inf =   3.534e+07 (6435)
   1368: obj =   6.459654701e+11 inf =   3.534e+07 (6435)
   1423: obj =   6.459654701e+11 inf =   3.534e+07 (6435)
   1482: obj =   6.459654701e+11 inf =   3.534e+07 (6435)
   1541: obj =   6.459654701e+11 inf =   3.534e+07 (6435)
   1598: obj =   6.459654701e+11 inf =   3.534e+07 (6435)
   1656: obj =   6.459654701e+11 inf =   3.534e+07 (6435)
   1715: obj =   6.459654701e+11 inf =   3.534e+07 (6435)
   1769: obj =   6.459654701e+11 inf =   3.534e+07 (6435)
   1827: obj =   6.459654701e+11 inf =   3.534e+07 (6435)
   1884: obj =   6.459654701e+11 inf =   3.534e+07 (6435)
   1940: obj =   6.459654701e+11 inf =   3.534e+07 (6435)
   1997: obj =   6.459654701e+11 inf =   3.534e+07 (6435)
   2054: obj =   6.459654701e+11 inf =   3.534e+07 (6435)
   2109: obj =   6.459654701e+11 inf =   3.534e+07 (6435)
   2165: obj =   6.459654701e+11 inf =   3.534e+07 (6435)
   2221: obj =   6.459654701e+11 inf =   3.534e+07 (6435)
   2273: obj =   6.459654701e+11 inf =   3.534e+07 (6435)
   2332: obj =   6.459654701e+11 inf =   3.534e+07 (6435)
   2390: obj =   6.459654701e+11 inf =   3.534e+07 (6435)
   2443: obj =   6.459654701e+11 inf =   3.534e+07 (6435)
   2494: obj =   6.459654701e+11 inf =   3.534e+07 (6435)
   2550: obj =   6.459654701e+11 inf =   3.534e+07 (6435)
   2605: obj =   6.459654701e+11 inf =   3.534e+07 (6435)
   2663: obj =   6.459654701e+11 inf =   3.534e+07 (6435)
   2722: obj =   6.459654701e+11 inf =   3.534e+07 (6435)
   2778: obj =   6.459654701e+11 inf =   3.534e+07 (6435)
   2837: obj =   6.459654701e+11 inf =   3.534e+07 (6435)
   2896: obj =   6.459654701e+11 inf =   3.534e+07 (6435)
   2951: obj =   6.459654701e+11 inf =   3.534e+07 (6435)
   3008: obj =   6.459654701e+11 inf =   3.534e+07 (6435)
   3066: obj =   6.459654701e+11 inf =   3.534e+07 (6435)
   3119: obj =   6.459654701e+11 inf =   3.534e+07 (6435)
   3175: obj =   6.459654701e+11 inf =   3.534e+07 (6435)
   3248: obj =   6.459765522e+11 inf =   3.523e+07 (6429)
   3342: obj =   6.460117181e+11 inf =   3.488e+07 (6403)
   3421: obj =   6.460404299e+11 inf =   3.459e+07 (6367)
   3502: obj =   6.460696241e+11 inf =   3.430e+07 (6337)
   3598: obj =   6.461051847e+11 inf =   3.394e+07 (6321)
   3705: obj =   6.461452095e+11 inf =   3.354e+07 (6301)
   3822: obj =   6.461910918e+11 inf =   3.309e+07 (6293)
   3927: obj =   6.462311040e+11 inf =   3.269e+07 (6287)
   4013: obj =   6.462632082e+11 inf =   3.237e+07 (6277) 1
   4131: obj =   6.463064246e+11 inf =   3.194e+07 (6269)
   4234: obj =   6.463458011e+11 inf =   3.154e+07 (6251)
   4334: obj =   6.463838389e+11 inf =   3.116e+07 (6229)
   4435: obj =   6.464222731e+11 inf =   3.078e+07 (6209)
   4547: obj =   6.464654646e+11 inf =   3.035e+07 (6191)
   4651: obj =   6.465045950e+11 inf =   2.996e+07 (6167)
   4742: obj =   6.465377334e+11 inf =   2.963e+07 (6157) 1
   4859: obj =   6.465799198e+11 inf =   2.921e+07 (6147)
   4964: obj =   6.466185844e+11 inf =   2.882e+07 (6141)
   5076: obj =   6.466590070e+11 inf =   2.842e+07 (6133)
   5188: obj =   6.467017086e+11 inf =   2.800e+07 (6127)
   5294: obj =   6.467422916e+11 inf =   2.759e+07 (6105)
   5402: obj =   6.467831715e+11 inf =   2.718e+07 (6083)
   5499: obj =   6.468195679e+11 inf =   2.682e+07 (6065) 1
   5612: obj =   6.468616613e+11 inf =   2.640e+07 (6041)
   5722: obj =   6.469029444e+11 inf =   2.599e+07 (6015)
   5820: obj =   6.469388762e+11 inf =   2.563e+07 (5985)
   5928: obj =   6.469800550e+11 inf =   2.522e+07 (5957)
   6012: obj =   6.470095516e+11 inf =   2.493e+07 (5917)
   6067: obj =   6.470143912e+11 inf =   2.488e+07 (5917) 1
   6123: obj =   6.470143912e+11 inf =   2.488e+07 (5917)
   6174: obj =   6.470143912e+11 inf =   2.488e+07 (5917) 1
   6228: obj =   6.470143912e+11 inf =   2.488e+07 (5917)
   6281: obj =   6.470143912e+11 inf =   2.488e+07 (5917) 1
   6337: obj =   6.470143912e+11 inf =   2.488e+07 (5917)
   6381: obj =   6.470143912e+11 inf =   2.488e+07 (5917) 1
   6432: obj =   6.470143912e+11 inf =   2.488e+07 (5917)
   6478: obj =   6.470143912e+11 inf =   2.488e+07 (5917) 1
   6528: obj =   6.470143912e+11 inf =   2.488e+07 (5917)
   6575: obj =   6.470143912e+11 inf =   2.488e+07 (5917) 1
   6628: obj =   6.470143912e+11 inf =   2.488e+07 (5917)
   6673: obj =   6.470143912e+11 inf =   2.488e+07 (5917) 1
   6726: obj =   6.470143912e+11 inf =   2.488e+07 (5917)
   6774: obj =   6.470143912e+11 inf =   2.488e+07 (5917) 1
   6824: obj =   6.470143912e+11 inf =   2.488e+07 (5917)
   6873: obj =   6.470143912e+11 inf =   2.488e+07 (5917) 1
   6925: obj =   6.470143912e+11 inf =   2.488e+07 (5917)
   6968: obj =   6.470143912e+11 inf =   2.488e+07 (5917) 1
   7018: obj =   6.470295508e+11 inf =   2.487e+07 (5915)
   7075: obj =   6.470295508e+11 inf =   2.487e+07 (5915)
   7128: obj =   6.470296470e+11 inf =   2.487e+07 (5913)
   7180: obj =   6.470394814e+11 inf =   2.482e+07 (5911)
   7229: obj =   6.470509329e+11 inf =   2.475e+07 (5909) 1
   7277: obj =   6.470569999e+11 inf =   2.472e+07 (5903)
   7329: obj =   6.470593668e+11 inf =   2.470e+07 (5903)
   7378: obj =   6.470615630e+11 inf =   2.468e+07 (5903) 1
   7429: obj =   6.470643795e+11 inf =   2.465e+07 (5903)
   7468: obj =   6.471217227e+11 inf =   2.456e+07 (5857)
   7506: obj =   6.471660431e+11 inf =   2.449e+07 (5805) 1
   7550: obj =   6.471930395e+11 inf =   2.444e+07 (5775)
   7600: obj =   6.472272989e+11 inf =   2.439e+07 (5759)
   7645: obj =   6.473255186e+11 inf =   2.423e+07 (5723) 1
   7688: obj =   6.474107000e+11 inf =   2.410e+07 (5685)
   7729: obj =   6.474928005e+11 inf =   2.397e+07 (5633)
   7773: obj =   6.475463030e+11 inf =   2.390e+07 (5611) 1
   7825: obj =   6.475715334e+11 inf =   2.387e+07 (5605)
   7870: obj =   6.475715367e+11 inf =   2.387e+07 (5605) 1
   7925: obj =   6.475715407e+11 inf =   2.387e+07 (5605)
   7972: obj =   6.475715456e+11 inf =   2.387e+07 (5605) 1
   8019: obj =   6.475715471e+11 inf =   2.387e+07 (5605)
   8068: obj =   6.475715492e+11 inf =   2.387e+07 (5605) 1
   8119: obj =   6.475715503e+11 inf =   2.387e+07 (5605)
   8169: obj =   6.475715516e+11 inf =   2.387e+07 (5605) 1
   8223: obj =   6.475715532e+11 inf =   2.387e+07 (5605)
   8272: obj =   6.475715542e+11 inf =   2.387e+07 (5605) 1
   8323: obj =   6.475715554e+11 inf =   2.387e+07 (5605)
   8371: obj =   6.475715563e+11 inf =   2.387e+07 (5605) 1
   8423: obj =   6.475715574e+11 inf =   2.387e+07 (5605)
   8467: obj =   6.475950626e+11 inf =   2.383e+07 (5597)
   8511: obj =   6.477049913e+11 inf =   2.365e+07 (5575) 1
   8557: obj =   6.477972383e+11 inf =   2.350e+07 (5541)
   8594: obj =   6.478452468e+11 inf =   2.342e+07 (5495) 1
   8635: obj =   6.479014759e+11 inf =   2.333e+07 (5437)
   8685: obj =   6.479289458e+11 inf =   2.328e+07 (5409)
   8739: obj =   6.479472976e+11 inf =   2.327e+07 (5409)
   8790: obj =   6.479720623e+11 inf =   2.323e+07 (5395)
   8828: obj =   6.480585360e+11 inf =   2.310e+07 (5341) 1
   8871: obj =   6.481230750e+11 inf =   2.301e+07 (5301)
   8915: obj =   6.481883727e+11 inf =   2.290e+07 (5263)
   8959: obj =   6.482549842e+11 inf =   2.279e+07 (5241) 1
   8998: obj =   6.483690467e+11 inf =   2.260e+07 (5187)
   9037: obj =   6.484793539e+11 inf =   2.241e+07 (5123)
   9081: obj =   6.485002938e+11 inf =   2.238e+07 (5103) 1
   9129: obj =   6.485002948e+11 inf =   2.238e+07 (5103)
   9173: obj =   6.485002960e+11 inf =   2.238e+07 (5103) 1
   9224: obj =   6.485002968e+11 inf =   2.238e+07 (5103)
   9267: obj =   6.485002978e+11 inf =   2.238e+07 (5103) 1
   9311: obj =   6.485002985e+11 inf =   2.238e+07 (5103)
   9359: obj =   6.485002998e+11 inf =   2.238e+07 (5103) 1
   9411: obj =   6.485003030e+11 inf =   2.238e+07 (5103)
   9466: obj =   6.485121890e+11 inf =   2.237e+07 (5103)
   9509: obj =   6.486675757e+11 inf =   2.225e+07 (5067) 1
   9553: obj =   6.487945047e+11 inf =   2.204e+07 (5037)
   9596: obj =   6.489275777e+11 inf =   2.182e+07 (5015)
   9646: obj =   6.489721653e+11 inf =   2.170e+07 (5007) 1
   9693: obj =   6.491107805e+11 inf =   2.148e+07 (4975)
   9733: obj =   6.491439169e+11 inf =   2.138e+07 (4941) 1
   9782: obj =   6.491780901e+11 inf =   2.136e+07 (4929)
   9834: obj =   6.492748193e+11 inf =   2.123e+07 (4905)
   9877: obj =   6.494639424e+11 inf =   2.097e+07 (4821)
   9914: obj =   6.495772216e+11 inf =   2.081e+07 (4754) 1
   9969: obj =   6.496681547e+11 inf =   2.069e+07 (4714)
  10021: obj =   6.508620520e+11 inf =   2.058e+07 (4698) 1
  10074: obj =   6.509405053e+11 inf =   2.047e+07 (4664)
  10121: obj =   6.513355104e+11 inf =   2.041e+07 (4650)
  10162: obj =   6.514659858e+11 inf =   2.032e+07 (4626) 1
  10205: obj =   6.516548272e+11 inf =   2.021e+07 (4598)
  10250: obj =   6.518738698e+11 inf =   2.008e+07 (4574)
  10284: obj =   6.520191079e+11 inf =   2.000e+07 (4550) 1
  10325: obj =   6.522126478e+11 inf =   1.988e+07 (4522)
  10368: obj =   6.524140090e+11 inf =   1.976e+07 (4484)
  10402: obj =   6.524823022e+11 inf =   1.971e+07 (4462)
  10423: obj =   6.525494692e+11 inf =   1.959e+07 (4434) 1
  10469: obj =   6.525552885e+11 inf =   1.959e+07 (4428)
  10505: obj =   6.526090480e+11 inf =   1.950e+07 (4400)
  10548: obj =   6.526807039e+11 inf =   1.942e+07 (4376)
  10587: obj =   6.527806342e+11 inf =   1.933e+07 (4348) 1
  10632: obj =   6.529099824e+11 inf =   1.925e+07 (4326)
  10658: obj =   6.529683718e+11 inf =   1.921e+07 (4314)
  10701: obj =   6.530489624e+11 inf =   1.909e+07 (4292)
  10742: obj =   6.531354446e+11 inf =   1.896e+07 (4260) 1
  10780: obj =   6.532389092e+11 inf =   1.889e+07 (4232)
  10819: obj =   6.534637124e+11 inf =   1.875e+07 (4198)
  10862: obj =   6.535975510e+11 inf =   1.860e+07 (4174) 1
  10916: obj =   6.535975510e+11 inf =   1.860e+07 (4174)
  10972: obj =   6.535984293e+11 inf =   1.860e+07 (4174)
  11015: obj =   6.537721306e+11 inf =   1.840e+07 (4126)
  11062: obj =   6.538621571e+11 inf =   1.828e+07 (4106)
  11105: obj =   6.539314994e+11 inf =   1.817e+07 (4076) 1
  11151: obj =   6.539877635e+11 inf =   1.808e+07 (4038)
  11195: obj =   6.540995958e+11 inf =   1.796e+07 (4006)
  11237: obj =   6.541656604e+11 inf =   1.786e+07 (3984) 1
  11292: obj =   6.541656692e+11 inf =   1.786e+07 (3984)
  11336: obj =   6.541656723e+11 inf =   1.786e+07 (3984) 1
  11388: obj =   6.541656760e+11 inf =   1.786e+07 (3984)
  11435: obj =   6.541736172e+11 inf =   1.785e+07 (3980) 1
  11480: obj =   6.542473227e+11 inf =   1.776e+07 (3948)
  11524: obj =   6.544094317e+11 inf =   1.759e+07 (3912)
  11572: obj =   6.545509160e+11 inf =   1.753e+07 (3896)
  11614: obj =   6.546917323e+11 inf =   1.746e+07 (3882) 1
  11661: obj =   6.548269068e+11 inf =   1.729e+07 (3856)
  11708: obj =   6.549391936e+11 inf =   1.721e+07 (3826)
  11751: obj =   6.550299192e+11 inf =   1.717e+07 (3816) 1
  11802: obj =   6.551021858e+11 inf =   1.710e+07 (3808)
  11850: obj =   6.552086497e+11 inf =   1.697e+07 (3778)
  11888: obj =   6.553095527e+11 inf =   1.681e+07 (3750) 1
  11940: obj =   6.553095527e+11 inf =   1.681e+07 (3750)
  11997: obj =   6.553164881e+11 inf =   1.680e+07 (3748)
  12052: obj =   6.553308147e+11 inf =   1.678e+07 (3744)
  12095: obj =   6.554176312e+11 inf =   1.664e+07 (3704)
  12139: obj =   6.555578191e+11 inf =   1.649e+07 (3658)
  12178: obj =   6.556468421e+11 inf =   1.637e+07 (3622) 1
  12222: obj =   6.557746256e+11 inf =   1.623e+07 (3594)
  12271: obj =   6.559270265e+11 inf =   1.618e+07 (3580)
  12313: obj =   6.559444528e+11 inf =   1.618e+07 (3574) 1
  12362: obj =   6.560063677e+11 inf =   1.615e+07 (3570)
  12413: obj =   6.561054737e+11 inf =   1.611e+07 (3564)
  12458: obj =   6.561533093e+11 inf =   1.607e+07 (3546)
  12502: obj =   6.562190022e+11 inf =   1.599e+07 (3514)
  12544: obj =   6.563906443e+11 inf =   1.575e+07 (3488) 1
  12591: obj =   6.564948894e+11 inf =   1.568e+07 (3468)
  12636: obj =   6.566175008e+11 inf =   1.561e+07 (3450)
  12685: obj =   6.566604305e+11 inf =   1.554e+07 (3442) 1
  12734: obj =   6.567103843e+11 inf =   1.546e+07 (3418)
  12780: obj =   6.568177698e+11 inf =   1.534e+07 (3392)
  12823: obj =   6.568654512e+11 inf =   1.528e+07 (3366) 1
  12865: obj =   6.570224073e+11 inf =   1.512e+07 (3324)
  12908: obj =   6.571337025e+11 inf =   1.501e+07 (3306)
  12949: obj =   6.571970752e+11 inf =   1.492e+07 (3290) 1
  13000: obj =   6.572834151e+11 inf =   1.482e+07 (3274)
  13045: obj =   6.573656344e+11 inf =   1.470e+07 (3248)
  13092: obj =   6.573709866e+11 inf =   1.469e+07 (3246) 1
  13144: obj =   6.573784009e+11 inf =   1.468e+07 (3244)
  13189: obj =   6.573784054e+11 inf =   1.468e+07 (3244) 1
  13241: obj =   6.573784089e+11 inf =   1.468e+07 (3244)
  13289: obj =   6.573784114e+11 inf =   1.468e+07 (3244) 1
  13338: obj =   6.573784155e+11 inf =   1.468e+07 (3244)
  13384: obj =   6.573784200e+11 inf =   1.468e+07 (3244) 1
  13435: obj =   6.573784227e+11 inf =   1.468e+07 (3244)
  13479: obj =   6.574086165e+11 inf =   1.464e+07 (3232) 1
  13527: obj =   6.575744001e+11 inf =   1.456e+07 (3208)
  13578: obj =   6.577709757e+11 inf =   1.448e+07 (3198)
  13625: obj =   6.579330909e+11 inf =   1.444e+07 (3188)
  13674: obj =   6.580802752e+11 inf =   1.439e+07 (3180)
  13722: obj =   6.582694448e+11 inf =   1.429e+07 (3162)
  13764: obj =   6.584500415e+11 inf =   1.412e+07 (3152) 1
  13812: obj =   6.585022557e+11 inf =   1.403e+07 (3130)
  13852: obj =   6.587179069e+11 inf =   1.391e+07 (3100) 1
  13894: obj =   6.589040539e+11 inf =   1.379e+07 (3078)
  13938: obj =   6.591207115e+11 inf =   1.367e+07 (3052)
  13977: obj =   6.594382397e+11 inf =   1.352e+07 (3006)
  14014: obj =   6.596045977e+11 inf =   1.346e+07 (2984) 1
  14055: obj =   6.598822681e+11 inf =   1.333e+07 (2948)
  14102: obj =   6.601096687e+11 inf =   1.323e+07 (2926)
  14140: obj =   6.603771532e+11 inf =   1.313e+07 (2906) 1
  14182: obj =   6.605851067e+11 inf =   1.301e+07 (2874)
  14232: obj =   6.606239406e+11 inf =   1.298e+07 (2868)
  14277: obj =   6.607824875e+11 inf =   1.290e+07 (2852)
  14317: obj =   6.609644342e+11 inf =   1.281e+07 (2828) 1
  14358: obj =   6.610320517e+11 inf =   1.271e+07 (2772)
  14398: obj =   6.611698105e+11 inf =   1.262e+07 (2754) 1
  14442: obj =   6.612829127e+11 inf =   1.256e+07 (2736)
  14492: obj =   6.614480648e+11 inf =   1.246e+07 (2714)
  14534: obj =   6.617604067e+11 inf =   1.233e+07 (2700) 1
  14580: obj =   6.618282993e+11 inf =   1.223e+07 (2682)
  14623: obj =   6.622658866e+11 inf =   1.211e+07 (2658)
  14666: obj =   6.623017334e+11 inf =   1.206e+07 (2646)
  14702: obj =   6.624773700e+11 inf =   1.185e+07 (2610) 1
  14746: obj =   6.626626111e+11 inf =   1.164e+07 (2572)
  14796: obj =   6.627062623e+11 inf =   1.158e+07 (2556)
  14834: obj =   6.627679686e+11 inf =   1.148e+07 (2524) 1
  14880: obj =   6.628845856e+11 inf =   1.135e+07 (2490)
  14928: obj =   6.629196982e+11 inf =   1.131e+07 (2478)
  14971: obj =   6.629197091e+11 inf =   1.131e+07 (2478) 1
  15024: obj =   6.629197192e+11 inf =   1.131e+07 (2478)
  15068: obj =   6.629197247e+11 inf =   1.131e+07 (2478) 1
  15111: obj =   6.629197331e+11 inf =   1.131e+07 (2478)
  15163: obj =   6.629221375e+11 inf =   1.130e+07 (2478)
  15197: obj =   6.630758982e+11 inf =   1.112e+07 (2452) 1
  15240: obj =   6.630761135e+11 inf =   1.112e+07 (2452)
  15282: obj =   6.631022286e+11 inf =   1.108e+07 (2446) 1
  15332: obj =   6.631795054e+11 inf =   1.095e+07 (2430)
  15384: obj =   6.631823895e+11 inf =   1.092e+07 (2424)
  15436: obj =   6.631949950e+11 inf =   1.089e+07 (2416)
  15483: obj =   6.632453854e+11 inf =   1.082e+07 (2390)
  15524: obj =   6.633077631e+11 inf =   1.075e+07 (2370) 1
  15580: obj =   6.633347521e+11 inf =   1.071e+07 (2370)
  15628: obj =   6.633917202e+11 inf =   1.063e+07 (2348)
  15665: obj =   6.634821822e+11 inf =   1.053e+07 (2320) 1
  15709: obj =   6.637248036e+11 inf =   1.045e+07 (2308)
  15753: obj =   6.639831773e+11 inf =   1.038e+07 (2296)
  15798: obj =   6.641895667e+11 inf =   1.033e+07 (2288)
  15846: obj =   6.643947203e+11 inf =   1.027e+07 (2280)
  15889: obj =   6.646149129e+11 inf =   1.021e+07 (2264)
  15931: obj =   6.648562033e+11 inf =   1.013e+07 (2250) 1
  15974: obj =   6.650986280e+11 inf =   1.007e+07 (2230)
  16016: obj =   6.653883596e+11 inf =   9.959e+06 (2198)
  16056: obj =   6.655868688e+11 inf =   9.855e+06 (2172) 1
  16097: obj =   6.658508901e+11 inf =   9.723e+06 (2148)
  16140: obj =   6.662639815e+11 inf =   9.601e+06 (2124)
  16177: obj =   6.664823536e+11 inf =   9.536e+06 (2102) 1
  16223: obj =   6.665808708e+11 inf =   9.491e+06 (2094)
  16267: obj =   6.668455904e+11 inf =   9.416e+06 (2070)
  16309: obj =   6.668479363e+11 inf =   9.415e+06 (2070) 1
  16353: obj =   6.670069773e+11 inf =   9.335e+06 (2058)
  16398: obj =   6.670842368e+11 inf =   9.305e+06 (2048) 1
  16445: obj =   6.671927037e+11 inf =   9.258e+06 (2038)
  16491: obj =   6.672688987e+11 inf =   9.173e+06 (2020)
  16533: obj =   6.673375573e+11 inf =   9.070e+06 (1992) 1
  16574: obj =   6.675421770e+11 inf =   8.971e+06 (1960)
  16617: obj =   6.678329811e+11 inf =   8.860e+06 (1940)
  16659: obj =   6.681812181e+11 inf =   8.730e+06 (1908)
  16698: obj =   6.683879920e+11 inf =   8.651e+06 (1886) 1
  16739: obj =   6.685712714e+11 inf =   8.575e+06 (1856)
  16784: obj =   6.687080181e+11 inf =   8.482e+06 (1824)
  16831: obj =   6.688384585e+11 inf =   8.433e+06 (1810)
  16874: obj =   6.688689037e+11 inf =   8.387e+06 (1804) 1
  16915: obj =   6.690214694e+11 inf =   8.153e+06 (1758)
  16963: obj =   6.690991265e+11 inf =   8.034e+06 (1738)
  17002: obj =   6.691588622e+11 inf =   7.944e+06 (1712) 1
  17045: obj =   6.694710890e+11 inf =   7.809e+06 (1676)
  17082: obj =   6.704140468e+11 inf =   7.538e+06 (1628)
  17123: obj =   6.705469312e+11 inf =   7.515e+06 (1624) 1
  17162: obj =   6.716384773e+11 inf =   7.323e+06 (1580)
  17200: obj =   6.729523942e+11 inf =   7.095e+06 (1530)
  17236: obj =   6.732598651e+11 inf =   7.042e+06 (1514) 1
  17283: obj =   6.736778996e+11 inf =   6.960e+06 (1498)
  17324: obj =   6.745028887e+11 inf =   6.810e+06 (1460)
  17355: obj =   6.754160930e+11 inf =   6.642e+06 (1414) 1
  17380: obj =   6.754162651e+11 inf =   6.642e+06 (1414)
  17403: obj =   6.754164826e+11 inf =   6.641e+06 (1414)
  17438: obj =   6.760395379e+11 inf =   6.506e+06 (1382)
  17480: obj =   6.761499482e+11 inf =   6.398e+06 (1364) 1
  17527: obj =   6.762290668e+11 inf =   6.310e+06 (1340)
  17568: obj =   6.763395482e+11 inf =   6.221e+06 (1324) 1
  17609: obj =   6.765385050e+11 inf =   6.060e+06 (1290)
  17653: obj =   6.767767884e+11 inf =   5.946e+06 (1268)
Warning: basis matrix is ill-conditioned (cond = 5.69e+13)
  17690: obj =   6.770139760e+11 inf =   5.839e+06 (1246) 1
  17735: obj =   6.771242943e+11 inf =   5.791e+06 (1236)
  17780: obj =   6.773002157e+11 inf =   5.700e+06 (1206)
  17825: obj =   6.773949760e+11 inf =   5.650e+06 (1196)
  17861: obj =   6.775138390e+11 inf =   5.515e+06 (1162) 1
  17904: obj =   6.776338859e+11 inf =   5.434e+06 (1142)
  17946: obj =   6.778562016e+11 inf =   5.345e+06 (1122)
  17980: obj =   6.783973450e+11 inf =   5.183e+06 (1086) 1
  18019: obj =   6.793205625e+11 inf =   4.996e+06 (1046)
  18059: obj =   6.801117990e+11 inf =   4.840e+06 (1016)
  18107: obj =   6.801848373e+11 inf =   4.826e+06 (1014)
  18149: obj =   6.806188863e+11 inf =   4.740e+06 (998) 1
  18185: obj =   6.816522441e+11 inf =   4.538e+06 (954)
  18231: obj =   6.820158394e+11 inf =   4.466e+06 (934)
  18278: obj =   6.822305989e+11 inf =   4.403e+06 (914)
  18316: obj =   6.831379346e+11 inf =   4.206e+06 (874)
  18357: obj =   6.836171571e+11 inf =   4.089e+06 (852) 1
  18408: obj =   6.836385293e+11 inf =   4.049e+06 (838)
  18458: obj =   6.836734113e+11 inf =   4.013e+06 (832)
  18493: obj =   6.838208952e+11 inf =   3.880e+06 (808) 1
  18544: obj =   6.838627894e+11 inf =   3.832e+06 (800)
  18588: obj =   6.844939671e+11 inf =   3.751e+06 (784)
  18630: obj =   6.849243046e+11 inf =   3.687e+06 (762)
  18671: obj =   6.852386911e+11 inf =   3.628e+06 (744) 1
  18713: obj =   6.852970601e+11 inf =   3.549e+06 (712)
  18761: obj =   6.852971009e+11 inf =   3.548e+06 (712)
  18806: obj =   6.852971409e+11 inf =   3.548e+06 (712) 1
  18853: obj =   6.853857327e+11 inf =   3.534e+06 (710)
  18898: obj =   6.857912344e+11 inf =   3.474e+06 (698)
  18939: obj =   6.860455806e+11 inf =   3.437e+06 (692) 1
  18979: obj =   6.863841093e+11 inf =   3.387e+06 (682)
  19019: obj =   6.865197988e+11 inf =   3.323e+06 (668)
  19063: obj =   6.865544495e+11 inf =   3.263e+06 (656)
  19109: obj =   6.865710457e+11 inf =   3.233e+06 (648)
  19153: obj =   6.865730953e+11 inf =   3.213e+06 (640)
  19191: obj =   6.865737351e+11 inf =   3.207e+06 (634) 1
  19230: obj =   6.866350103e+11 inf =   3.129e+06 (614)
  19268: obj =   6.867218044e+11 inf =   3.023e+06 (590)
  19307: obj =   6.867218044e+11 inf =   3.023e+06 (590) 1
  19356: obj =   6.867218044e+11 inf =   3.023e+06 (590)
  19400: obj =   6.867218044e+11 inf =   3.023e+06 (590) 1
  19452: obj =   6.868375793e+11 inf =   2.993e+06 (584)
  19489: obj =   6.869237366e+11 inf =   2.877e+06 (556)
  19516: obj =   6.873600293e+11 inf =   2.812e+06 (542) 1
  19553: obj =   6.874324857e+11 inf =   2.723e+06 (518)
  19585: obj =   6.875423469e+11 inf =   2.639e+06 (474)
  19615: obj =   6.880116867e+11 inf =   2.584e+06 (456)
  19645: obj =   6.880727596e+11 inf =   2.529e+06 (444) 1
  19686: obj =   6.881166954e+11 inf =   2.472e+06 (426)
  19728: obj =   6.882462981e+11 inf =   2.359e+06 (396)
  19763: obj =   6.883941593e+11 inf =   2.082e+06 (326)
  19791: obj =   6.885124256e+11 inf =   1.860e+06 (270) 1
  19823: obj =   6.886744727e+11 inf =   1.589e+06 (210)
  19860: obj =   6.889134130e+11 inf =   1.308e+06 (144)
  19907: obj =   6.889293004e+11 inf =   1.278e+06 (136) 1
  19956: obj =   6.888999822e+11 inf =   1.233e+06 (128)
  19999: obj =   6.888681191e+11 inf =   1.144e+06 (118) 1
  20046: obj =   6.889240354e+11 inf =   1.087e+06 (112)
  20079: obj =   6.891351141e+11 inf =   8.700e+05 (48)
  20115: obj =   6.892277168e+11 inf =   7.662e+05 (6) 1
  20120: obj =   6.892313992e+11 inf =   5.825e-09 (0)
* 20166: obj =   6.030711856e+11 inf =   5.767e-09 (264707)
* 20210: obj =   5.906116807e+11 inf =   5.770e-09 (264926)
* 20254: obj =   5.833635814e+11 inf =   5.776e-09 (265108)
* 20292: obj =   5.794209494e+11 inf =   9.008e-09 (265065) 1
* 20333: obj =   5.775820354e+11 inf =   9.400e-09 (265126)
* 20372: obj =   5.756035122e+11 inf =   9.277e-09 (265163)
* 20405: obj =   5.742393184e+11 inf =   1.102e-08 (265319) 1
* 20446: obj =   5.725809212e+11 inf =   1.102e-08 (265613)
* 20488: obj =   5.718957402e+11 inf =   1.102e-08 (265628)
* 20528: obj =   5.712096949e+11 inf =   1.101e-08 (265703) 1
* 20580: obj =   5.703400222e+11 inf =   1.201e-08 (265899)
* 20629: obj =   5.698765771e+11 inf =   1.201e-08 (274586)
* 20673: obj =   5.687724029e+11 inf =   1.001e-08 (274857) 1
* 20717: obj =   5.682854506e+11 inf =   1.001e-08 (274950)
* 20759: obj =   5.678853493e+11 inf =   1.001e-08 (273966)
* 20799: obj =   5.673807506e+11 inf =   6.613e-09 (274104) 1
* 20850: obj =   5.669731040e+11 inf =   6.614e-09 (274052)
* 20897: obj =   5.667971080e+11 inf =   6.511e-09 (274461) 1
* 20943: obj =   5.664117197e+11 inf =   6.511e-09 (274476)
* 20995: obj =   5.659314503e+11 inf =   6.513e-09 (274675)
* 21037: obj =   5.655606193e+11 inf =   6.467e-09 (274813) 1
* 21084: obj =   5.652285967e+11 inf =   6.467e-09 (275050)
* 21137: obj =   5.649417593e+11 inf =   6.468e-09 (275285)
* 21183: obj =   5.645738590e+11 inf =   6.467e-09 (274497) 1
* 21235: obj =   5.641080953e+11 inf =   6.468e-09 (275047)
* 21282: obj =   5.636776270e+11 inf =   1.299e-08 (275387) 1
* 21331: obj =   5.633919381e+11 inf =   1.299e-08 (275586)
* 21369: obj =   5.631289375e+11 inf =   1.101e-08 (275785) 1
* 21411: obj =   5.627819524e+11 inf =   1.101e-08 (276331)
* 21456: obj =   5.625891170e+11 inf =   1.101e-08 (276754)
* 21494: obj =   5.624342500e+11 inf =   1.299e-08 (276840) 1
* 21536: obj =   5.622994004e+11 inf =   1.299e-08 (276914)
* 21580: obj =   5.621555921e+11 inf =   1.299e-08 (277031)
* 21620: obj =   5.620046267e+11 inf =   6.466e-09 (277229) 1
* 21663: obj =   5.618668769e+11 inf =   6.466e-09 (277390)
* 21708: obj =   5.617911529e+11 inf =   7.466e-09 (277334)
* 21748: obj =   5.616762082e+11 inf =   2.766e-08 (278387) 1
* 21801: obj =   5.615558387e+11 inf =   2.766e-08 (278436)
* 21848: obj =   5.613678610e+11 inf =   2.866e-08 (278504)
* 21891: obj =   5.611834288e+11 inf =   2.602e-08 (278758) 1
* 21944: obj =   5.609095773e+11 inf =   2.602e-08 (279005)
* 21985: obj =   5.607550953e+11 inf =   1.301e-08 (279069) 1
* 22029: obj =   5.605862885e+11 inf =   1.301e-08 (279376)
* 22071: obj =   5.604485284e+11 inf =   1.301e-08 (279400)
* 22109: obj =   5.603076171e+11 inf =   1.404e-08 (279729) 1
* 22154: obj =   5.601096531e+11 inf =   1.404e-08 (280129)
* 22196: obj =   5.599536342e+11 inf =   1.404e-08 (280415)
* 22234: obj =   5.598054265e+11 inf =   9.530e-09 (280659) 1
* 22279: obj =   5.597357558e+11 inf =   9.530e-09 (280940)
* 22320: obj =   5.596047716e+11 inf =   9.530e-09 (281362)
* 22360: obj =   5.594520464e+11 inf =   9.468e-09 (281648) 1
* 22404: obj =   5.593207027e+11 inf =   9.469e-09 (281439)
* 22441: obj =   5.592020684e+11 inf =   9.711e-09 (281498) 1
* 22486: obj =   5.591170573e+11 inf =   9.711e-09 (281974)
* 22532: obj =   5.589889105e+11 inf =   9.712e-09 (282282)
* 22570: obj =   5.589108106e+11 inf =   9.468e-09 (281950) 1
* 22614: obj =   5.587604699e+11 inf =   9.468e-09 (281984)
* 22659: obj =   5.586465995e+11 inf =   9.468e-09 (282078)
* 22697: obj =   5.585836731e+11 inf =   9.469e-09 (282044) 1
* 22742: obj =   5.584920032e+11 inf =   9.469e-09 (281682)
* 22788: obj =   5.584089153e+11 inf =   9.470e-09 (281777)
* 22831: obj =   5.583250399e+11 inf =   9.470e-09 (281816)
* 22869: obj =   5.582110354e+11 inf =   1.047e-08 (282016) 1
* 22914: obj =   5.580801978e+11 inf =   1.047e-08 (282241)
* 22955: obj =   5.579820904e+11 inf =   1.701e-08 (282293) 1
* 22994: obj =   5.578387296e+11 inf =   1.901e-08 (282569)
* 23043: obj =   5.576333562e+11 inf =   2.001e-08 (282871)
* 23085: obj =   5.575456746e+11 inf =   1.756e-08 (283097) 1
* 23132: obj =   5.574463574e+11 inf =   1.756e-08 (283284)
* 23178: obj =   5.572995023e+11 inf =   1.756e-08 (283673)
* 23225: obj =   5.571796440e+11 inf =   1.647e-08 (283921) 1
* 23270: obj =   5.570994528e+11 inf =   1.647e-08 (284215)
* 23315: obj =   5.569215703e+11 inf =   1.647e-08 (284000) 1
* 23361: obj =   5.568499249e+11 inf =   1.647e-08 (284357)
* 23403: obj =   5.567197582e+11 inf =   1.647e-08 (284699)
* 23443: obj =   5.565853146e+11 inf =   1.647e-08 (284656) 1
* 23488: obj =   5.564779650e+11 inf =   1.647e-08 (284946)
* 23530: obj =   5.564291443e+11 inf =   1.647e-08 (280011)
* 23571: obj =   5.563641094e+11 inf =   2.299e-08 (280360) 1
* 23615: obj =   5.562749922e+11 inf =   2.299e-08 (280352)
* 23658: obj =   5.561853393e+11 inf =   2.299e-08 (280266)
* 23697: obj =   5.560813426e+11 inf =   2.020e-08 (280665) 1
* 23742: obj =   5.560081675e+11 inf =   2.020e-08 (281440)
* 23784: obj =   5.559201452e+11 inf =   2.020e-08 (281581)
* 23825: obj =   5.558261381e+11 inf =   2.199e-08 (281746) 1
* 23869: obj =   5.557308881e+11 inf =   2.199e-08 (280950)
* 23911: obj =   5.556801450e+11 inf =   3.421e-08 (281161) 1
* 23956: obj =   5.556089199e+11 inf =   3.421e-08 (281264)
* 24001: obj =   5.555357363e+11 inf =   3.421e-08 (281737)
* 24041: obj =   5.554684804e+11 inf =   1.547e-08 (281862) 1
* 24084: obj =   5.553892202e+11 inf =   1.547e-08 (282017)
* 24129: obj =   5.552923328e+11 inf =   1.547e-08 (282319)
* 24168: obj =   5.552327017e+11 inf =   1.554e-08 (282384) 1
* 24210: obj =   5.551152099e+11 inf =   1.554e-08 (282521)
* 24255: obj =   5.550423778e+11 inf =   1.554e-08 (282763)
* 24293: obj =   5.549226746e+11 inf =   1.547e-08 (283253) 1
* 24335: obj =   5.548038667e+11 inf =   1.547e-08 (283674)
* 24377: obj =   5.547121362e+11 inf =   1.547e-08 (284630)
* 24416: obj =   5.546408881e+11 inf =   1.547e-08 (289836) 1
* 24458: obj =   5.545720242e+11 inf =   1.547e-08 (290098)
* 24499: obj =   5.545133978e+11 inf =   3.326e-08 (290310) 1
* 24543: obj =   5.544473914e+11 inf =   3.326e-08 (290662)
* 24585: obj =   5.543892414e+11 inf =   3.326e-08 (290519)
* 24625: obj =   5.543127347e+11 inf =   3.349e-08 (290410) 1
* 24669: obj =   5.542653153e+11 inf =   3.349e-08 (290571)
* 24705: obj =   5.541980426e+11 inf =   3.349e-08 (290625)
* 24744: obj =   5.541106265e+11 inf =   2.599e-08 (290774) 1
* 24789: obj =   5.540489780e+11 inf =   2.599e-08 (290943)
* 24831: obj =   5.539824152e+11 inf =   2.699e-08 (291171)
* 24870: obj =   5.538559225e+11 inf =   2.047e-08 (291326) 1
* 24915: obj =   5.537578444e+11 inf =   2.047e-08 (290339)
* 24957: obj =   5.536376231e+11 inf =   2.047e-08 (291343)
* 24995: obj =   5.535124747e+11 inf =   2.699e-08 (291575) 1
* 25040: obj =   5.534437671e+11 inf =   2.699e-08 (291785)
* 25082: obj =   5.533433142e+11 inf =   2.699e-08 (291935)
* 25122: obj =   5.532392422e+11 inf =   2.047e-08 (292062) 1
* 25167: obj =   5.531344017e+11 inf =   2.047e-08 (292207)
* 25207: obj =   5.530209331e+11 inf =   2.047e-08 (292654)
* 25249: obj =   5.528949450e+11 inf =   2.448e-08 (292814) 1
* 25294: obj =   5.527992509e+11 inf =   2.448e-08 (293034)
* 25337: obj =   5.526631403e+11 inf =   2.448e-08 (293263)
* 25374: obj =   5.525231820e+11 inf =   4.323e-08 (293392) 1
* 25419: obj =   5.523088976e+11 inf =   4.323e-08 (293668)
* 25462: obj =   5.521649010e+11 inf =   4.323e-08 (293872)
* 25499: obj =   5.520882617e+11 inf =   2.962e-08 (293753) 1
* 25543: obj =   5.520054457e+11 inf =   2.962e-08 (294001)
* 25585: obj =   5.519290593e+11 inf =   3.062e-08 (294227)
* 25621: obj =   5.518548928e+11 inf =   3.549e-08 (293351) 1
* 25663: obj =   5.517824327e+11 inf =   3.549e-08 (293176)
* 25704: obj =   5.516825128e+11 inf =   3.749e-08 (293354)
* 25738: obj =   5.516231885e+11 inf =   3.749e-08 (293420)
* 25774: obj =   5.515129808e+11 inf =   3.097e-08 (294575) 1
* 25815: obj =   5.514686321e+11 inf =   3.097e-08 (294408)
* 25853: obj =   5.513924184e+11 inf =   3.097e-08 (294160)
* 25892: obj =   5.513015873e+11 inf =   3.749e-08 (293584) 1
* 25935: obj =   5.511983056e+11 inf =   3.749e-08 (293789)
* 25974: obj =   5.511655236e+11 inf =   3.649e-08 (293954)
* 26013: obj =   5.511008090e+11 inf =   2.997e-08 (293992) 1
* 26056: obj =   5.510174072e+11 inf =   3.097e-08 (294381)
* 26096: obj =   5.509349904e+11 inf =   3.097e-08 (294353)
Warning: basis matrix is ill-conditioned (cond = 7.88e+12)
* 26138: obj =   5.508258991e+11 inf =   3.749e-08 (295144) 1
* 26183: obj =   5.507422124e+11 inf =   3.749e-08 (295392)
* 26225: obj =   5.506864004e+11 inf =   3.749e-08 (295661)
* 26264: obj =   5.506199205e+11 inf =   2.797e-08 (295804) 1
* 26307: obj =   5.505253018e+11 inf =   2.697e-08 (296092)
* 26349: obj =   5.504757644e+11 inf =   2.697e-08 (295992)
* 26387: obj =   5.504007488e+11 inf =   2.597e-08 (296255) 1
* 26432: obj =   5.503080778e+11 inf =   2.597e-08 (296178)
* 26474: obj =   5.501926206e+11 inf =   2.597e-08 (296391)
* 26512: obj =   5.501146021e+11 inf =   2.610e-08 (296635) 1
* 26556: obj =   5.500555647e+11 inf =   2.610e-08 (296990)
* 26598: obj =   5.499964204e+11 inf =   2.910e-08 (296784)
* 26635: obj =   5.499071197e+11 inf =   3.549e-08 (296870) 1
* 26680: obj =   5.497989945e+11 inf =   3.549e-08 (296940)
* 26722: obj =   5.497026583e+11 inf =   3.549e-08 (297005)
* 26758: obj =   5.496194142e+11 inf =   2.798e-08 (296823) 1
* 26802: obj =   5.495222654e+11 inf =   2.798e-08 (297276)
* 26845: obj =   5.494710851e+11 inf =   2.598e-08 (297174)
* 26882: obj =   5.494002831e+11 inf =   3.352e-08 (297381) 1
* 26926: obj =   5.493618720e+11 inf =   3.352e-08 (297490)
* 26968: obj =   5.493112864e+11 inf =   3.352e-08 (297484)
* 27005: obj =   5.492247645e+11 inf =   2.698e-08 (298570) 1
* 27050: obj =   5.491143457e+11 inf =   2.598e-08 (298702)
* 27092: obj =   5.490204716e+11 inf =   2.598e-08 (298934)
* 27123: obj =   5.489266329e+11 inf =   2.599e-08 (299159) 1
* 27163: obj =   5.488445186e+11 inf =   2.699e-08 (299060)
* 27196: obj =   5.488078987e+11 inf =   2.699e-08 (299371)
* 27225: obj =   5.487623776e+11 inf =   2.799e-08 (299382)
* 27258: obj =   5.486924397e+11 inf =   2.799e-08 (299414)
* 27288: obj =   5.486425582e+11 inf =   4.154e-08 (299269) 1
* 27325: obj =   5.485820801e+11 inf =   4.156e-08 (299283)
* 27359: obj =   5.485449596e+11 inf =   4.856e-08 (299281)
* 27391: obj =   5.484830032e+11 inf =   4.956e-08 (299409)
* 27420: obj =   5.484313435e+11 inf =   4.199e-08 (299468) 1
* 27459: obj =   5.483376456e+11 inf =   4.199e-08 (299590)
* 27498: obj =   5.482564830e+11 inf =   4.199e-08 (299837)
* 27532: obj =   5.481936674e+11 inf =   4.199e-08 (300007)
* 27558: obj =   5.481354104e+11 inf =   4.849e-08 (300096) 1
* 27595: obj =   5.480631562e+11 inf =   4.849e-08 (299667)
* 27634: obj =   5.479921553e+11 inf =   5.349e-08 (299655)
* 27669: obj =   5.479288865e+11 inf =   5.378e-08 (299672) 1
* 27711: obj =   5.478557319e+11 inf =   5.378e-08 (299674)
* 27747: obj =   5.478174988e+11 inf =   5.378e-08 (299603)
* 27785: obj =   5.477392227e+11 inf =   5.478e-08 (299692)
* 27823: obj =   5.476699119e+11 inf =   5.351e-08 (299813) 1
* 27864: obj =   5.476031852e+11 inf =   5.351e-08 (299673)
* 27904: obj =   5.475490177e+11 inf =   5.351e-08 (300324)
* 27942: obj =   5.474918237e+11 inf =   5.961e-08 (300187) 1
* 27982: obj =   5.474259015e+11 inf =   5.961e-08 (300370)
* 28021: obj =   5.473710348e+11 inf =   5.761e-08 (300936)
* 28060: obj =   5.472979666e+11 inf =   5.553e-08 (301026) 1
* 28101: obj =   5.472450278e+11 inf =   5.353e-08 (301166)
* 28141: obj =   5.471698334e+11 inf =   5.353e-08 (301175)
* 28180: obj =   5.471250336e+11 inf =   4.697e-08 (301215) 1
* 28222: obj =   5.470805820e+11 inf =   4.897e-08 (300884)
* 28262: obj =   5.470460327e+11 inf =   4.897e-08 (301005)
* 28302: obj =   5.470043573e+11 inf =   4.797e-08 (301287)
* 28340: obj =   5.469223926e+11 inf =   4.598e-08 (301592) 1
* 28380: obj =   5.468734050e+11 inf =   4.498e-08 (301813)
* 28423: obj =   5.468182866e+11 inf =   3.998e-08 (301878)
* 28463: obj =   5.467716534e+11 inf =   4.551e-08 (301998) 1
* 28502: obj =   5.466970797e+11 inf =   4.551e-08 (302131)
* 28533: obj =   5.466437130e+11 inf =   4.551e-08 (302432)
* 28563: obj =   5.465956710e+11 inf =   5.051e-08 (302499)
* 28592: obj =   5.465591925e+11 inf =   4.749e-08 (301912) 1
* 28625: obj =   5.464945290e+11 inf =   4.449e-08 (302540)
* 28665: obj =   5.463966423e+11 inf =   4.449e-08 (302557)
* 28701: obj =   5.463480545e+11 inf =   4.098e-08 (302635) 1
* 28736: obj =   5.463067357e+11 inf =   4.298e-08 (302655)
* 28775: obj =   5.462402280e+11 inf =   4.798e-08 (302810)
* 28805: obj =   5.461944589e+11 inf =   4.798e-08 (302822)
* 28835: obj =   5.461538887e+11 inf =   6.449e-08 (302871) 1
* 28862: obj =   5.461061708e+11 inf =   6.449e-08 (302916)
* 28895: obj =   5.460513979e+11 inf =   6.449e-08 (303047)
* 28929: obj =   5.460067512e+11 inf =   6.049e-08 (302642)
* 28960: obj =   5.459600006e+11 inf =   5.397e-08 (303592) 1
* 28998: obj =   5.459070333e+11 inf =   5.397e-08 (303837)
* 29036: obj =   5.458719192e+11 inf =   4.897e-08 (303765)
* 29073: obj =   5.458117398e+11 inf =   5.097e-08 (303853)
* 29108: obj =   5.457725528e+11 inf =   5.307e-08 (303497) 1
* 29147: obj =   5.457298182e+11 inf =   5.307e-08 (304106)
* 29187: obj =   5.456599491e+11 inf =   5.557e-08 (304052)
* 29225: obj =   5.455681583e+11 inf =   5.372e-08 (304425) 1
* 29258: obj =   5.454873104e+11 inf =   5.372e-08 (304304)
* 29300: obj =   5.454374446e+11 inf =   5.972e-08 (304415)
* 29335: obj =   5.453907309e+11 inf =   6.247e-08 (304312) 1
* 29378: obj =   5.452990483e+11 inf =   6.147e-08 (304286)
* 29422: obj =   5.452353826e+11 inf =   5.847e-08 (304454)
* 29466: obj =   5.451880043e+11 inf =   5.847e-08 (304437)
* 29505: obj =   5.451297228e+11 inf =   7.419e-08 (304329) 1
* 29548: obj =   5.450781155e+11 inf =   7.469e-08 (304015)
* 29589: obj =   5.449997770e+11 inf =   7.469e-08 (304212)
* 29627: obj =   5.449581154e+11 inf =   5.897e-08 (304127) 1
* 29671: obj =   5.448958610e+11 inf =   5.597e-08 (304949)
* 29710: obj =   5.448283745e+11 inf =   5.597e-08 (304199)
* 29748: obj =   5.447572724e+11 inf =   5.597e-08 (305058)
* 29781: obj =   5.446959732e+11 inf =   5.497e-08 (305226) 1
* 29823: obj =   5.445861883e+11 inf =   5.497e-08 (305576)
* 29866: obj =   5.444990974e+11 inf =   5.497e-08 (305693)
* 29902: obj =   5.444008933e+11 inf =   6.164e-08 (305754) 1
* 29950: obj =   5.443265728e+11 inf =   6.164e-08 (305784)
* 29994: obj =   5.442501479e+11 inf =   6.164e-08 (300118)
* 30033: obj =   5.442185159e+11 inf =   7.313e-08 (300855) 1
* 30069: obj =   5.441621380e+11 inf =   7.713e-08 (300659)
* 30107: obj =   5.441304487e+11 inf =   7.813e-08 (304976)
* 30154: obj =   5.440784634e+11 inf =   7.813e-08 (305734)
* 30193: obj =   5.440378854e+11 inf =   6.457e-08 (305164) 1
* 30238: obj =   5.439829978e+11 inf =   6.407e-08 (306166)
* 30286: obj =   5.439116624e+11 inf =   6.457e-08 (306170)
* 30322: obj =   5.438512160e+11 inf =   6.103e-08 (306328) 1
* 30366: obj =   5.438163932e+11 inf =   6.103e-08 (306390)
* 30410: obj =   5.437874980e+11 inf =   6.053e-08 (305854)
* 30449: obj =   5.437571907e+11 inf =   6.507e-08 (306349) 1
* 30493: obj =   5.437005173e+11 inf =   6.507e-08 (306967)
* 30528: obj =   5.436431824e+11 inf =   6.507e-08 (307149)
* 30559: obj =   5.436084363e+11 inf =   6.153e-08 (307297) 1
* 30598: obj =   5.435374456e+11 inf =   6.153e-08 (306982)
* 30636: obj =   5.434751941e+11 inf =   6.153e-08 (306674)
* 30676: obj =   5.433976045e+11 inf =   6.153e-08 (308248)
* 30710: obj =   5.433509354e+11 inf =   6.805e-08 (308338) 1
* 30748: obj =   5.433337006e+11 inf =   6.805e-08 (308447)
* 30789: obj =   5.432960719e+11 inf =   6.855e-08 (308694)
* 30820: obj =   5.432640533e+11 inf =   6.955e-08 (308243) 1
* 30855: obj =   5.432368867e+11 inf =   6.955e-08 (308836)
* 30893: obj =   5.432065195e+11 inf =   6.605e-08 (308767)
* 30931: obj =   5.431805848e+11 inf =   6.253e-08 (308895) 1
* 30972: obj =   5.431448651e+11 inf =   6.253e-08 (308884)
* 31015: obj =   5.431078965e+11 inf =   6.253e-08 (309026)
* 31053: obj =   5.430700441e+11 inf =   6.253e-08 (308075)
* 31085: obj =   5.430399454e+11 inf =   6.805e-08 (307593) 1
* 31122: obj =   5.429874301e+11 inf =   7.605e-08 (307625)
* 31157: obj =   5.429106860e+11 inf =   7.605e-08 (307754)
* 31193: obj =   5.428802370e+11 inf =   7.005e-08 (307605)
* 31230: obj =   5.428339483e+11 inf =   6.107e-08 (307539) 1
* 31265: obj =   5.428031288e+11 inf =   6.107e-08 (307401)
* 31305: obj =   5.427325059e+11 inf =   6.207e-08 (307912)
* 31344: obj =   5.427049211e+11 inf =   6.207e-08 (308045)
* 31381: obj =   5.426618038e+11 inf =   6.203e-08 (308020) 1
* 31415: obj =   5.425960939e+11 inf =   6.203e-08 (308174)
* 31450: obj =   5.425838279e+11 inf =   6.103e-08 (308284)
* 31491: obj =   5.425117356e+11 inf =   6.103e-08 (308409)
* 31523: obj =   5.424819670e+11 inf =   6.103e-08 (308398) 1
* 31557: obj =   5.424293904e+11 inf =   6.103e-08 (308589)
* 31584: obj =   5.424005711e+11 inf =   6.103e-08 (306088)
* 31613: obj =   5.423665481e+11 inf =   6.203e-08 (306106)
* 31647: obj =   5.423263045e+11 inf =   6.214e-08 (306140) 1
* 31682: obj =   5.422896239e+11 inf =   6.214e-08 (305631)
* 31683: obj =   5.422896239e+11 inf =   6.214e-08 (305632)
* 31726: obj =   5.422259955e+11 inf =   6.214e-08 (309988)
* 31760: obj =   5.422054731e+11 inf =   6.204e-08 (310397) 1
* 31804: obj =   5.421741573e+11 inf =   6.204e-08 (311014)
* 31845: obj =   5.421392374e+11 inf =   6.404e-08 (311134)
* 31882: obj =   5.421128782e+11 inf =   7.067e-08 (310926) 1
* 31924: obj =   5.420864736e+11 inf =   7.567e-08 (311086)
* 31963: obj =   5.420535993e+11 inf =   7.567e-08 (311305)
* 32003: obj =   5.420191447e+11 inf =   7.567e-08 (310184)
* 32032: obj =   5.420073504e+11 inf =   8.240e-08 (310105) 1
* 32068: obj =   5.419667706e+11 inf =   8.340e-08 (310286)
* 32105: obj =   5.419444184e+11 inf =   8.340e-08 (310431)
* 32142: obj =   5.418952954e+11 inf =   8.440e-08 (314202)
* 32175: obj =   5.418924439e+11 inf =   8.440e-08 (321236)
* 32203: obj =   5.418924439e+11 inf =   7.358e-08 (321235) 1
* 32238: obj =   5.418841593e+11 inf =   7.358e-08 (312738)
* 32275: obj =   5.418265663e+11 inf =   7.156e-08 (312318)
* 32312: obj =   5.417661699e+11 inf =   7.156e-08 (313580)
* 32347: obj =   5.417451600e+11 inf =   7.373e-08 (323012) 1
* 32386: obj =   5.417088079e+11 inf =   7.473e-08 (314853)
* 32423: obj =   5.416697446e+11 inf =   7.473e-08 (317167)
* 32459: obj =   5.416377284e+11 inf =   7.486e-08 (323466) 1
* 32499: obj =   5.415859366e+11 inf =   7.486e-08 (314064)
* 32536: obj =   5.415553900e+11 inf =   7.586e-08 (314176)
* 32571: obj =   5.414819855e+11 inf =   6.521e-08 (313764) 1
* 32612: obj =   5.414561035e+11 inf =   6.521e-08 (313254)
* 32650: obj =   5.414029446e+11 inf =   8.421e-08 (318684)
* 32682: obj =   5.413469076e+11 inf =   9.047e-08 (318869) 1
* 32715: obj =   5.413285333e+11 inf =   9.047e-08 (318985)
* 32749: obj =   5.412865077e+11 inf =   9.047e-08 (313863)
* 32783: obj =   5.412644484e+11 inf =   9.047e-08 (313400)
* 32816: obj =   5.412289860e+11 inf =   9.053e-08 (313799) 1
* 32856: obj =   5.411951681e+11 inf =   9.453e-08 (313831)
* 32888: obj =   5.411596304e+11 inf =   9.453e-08 (313899)
* 32919: obj =   5.411264102e+11 inf =   9.573e-08 (313992) 1
* 32958: obj =   5.410779541e+11 inf =   9.573e-08 (314138)
* 32989: obj =   5.410217061e+11 inf =   9.573e-08 (314490)
* 33027: obj =   5.409937330e+11 inf =   9.673e-08 (314355)
* 33058: obj =   5.409581169e+11 inf =   9.064e-08 (314363) 1
* 33086: obj =   5.409311512e+11 inf =   9.064e-08 (314738)
* 33120: obj =   5.409001076e+11 inf =   9.064e-08 (314282)
* 33157: obj =   5.408634994e+11 inf =   9.064e-08 (314721)
* 33190: obj =   5.408188316e+11 inf =   1.071e-07 (314773) 1
* 33230: obj =   5.407804694e+11 inf =   1.051e-07 (314942)
* 33270: obj =   5.407398068e+11 inf =   1.051e-07 (314991)
* 33299: obj =   5.407142637e+11 inf =   9.257e-08 (327521) 1
* 33337: obj =   5.406714308e+11 inf =   9.157e-08 (315613)
* 33377: obj =   5.406149461e+11 inf =   9.057e-08 (315364)
* 33414: obj =   5.405751206e+11 inf =   9.057e-08 (315532)
* 33449: obj =   5.405248062e+11 inf =   9.255e-08 (316027) 1
* 33490: obj =   5.404565915e+11 inf =   1.056e-07 (315909)
* 33529: obj =   5.404384178e+11 inf =   1.056e-07 (316672)
* 33569: obj =   5.404288999e+11 inf =   1.022e-07 (316731) 1
* 33611: obj =   5.404053086e+11 inf =   1.007e-07 (316930)
* 33651: obj =   5.403775797e+11 inf =   1.007e-07 (316524)
* 33689: obj =   5.403475652e+11 inf =   1.022e-07 (318308)
* 33722: obj =   5.403144037e+11 inf =   1.129e-07 (319560) 1
* 33760: obj =   5.402890712e+11 inf =   1.129e-07 (319683)
* 33799: obj =   5.402495719e+11 inf =   1.149e-07 (319598)
* 33839: obj =   5.402161178e+11 inf =   1.149e-07 (319648)
* 33874: obj =   5.401822044e+11 inf =   1.021e-07 (320212) 1
* 33912: obj =   5.401578282e+11 inf =   1.021e-07 (320325)
* 33951: obj =   5.401332806e+11 inf =   9.108e-08 (320418)
* 33987: obj =   5.401163707e+11 inf =   9.108e-08 (320775)
* 34016: obj =   5.400765329e+11 inf =   9.880e-08 (320911) 1
* 34055: obj =   5.400377188e+11 inf =   9.980e-08 (319973)
* 34096: obj =   5.399955538e+11 inf =   9.980e-08 (319924)
* 34131: obj =   5.399577589e+11 inf =   9.198e-08 (321755) 1
* 34167: obj =   5.399146196e+11 inf =   9.198e-08 (320899)
* 34207: obj =   5.398707400e+11 inf =   9.098e-08 (322313)
* 34241: obj =   5.398346054e+11 inf =   9.048e-08 (321048)
* 34271: obj =   5.398078787e+11 inf =   9.048e-08 (321568) 1
* 34308: obj =   5.397655891e+11 inf =   9.048e-08 (321700)
* 34344: obj =   5.397317916e+11 inf =   9.448e-08 (321653)
* 34378: obj =   5.397078963e+11 inf =   9.848e-08 (321918)
* 34405: obj =   5.396954953e+11 inf =   9.847e-08 (322000) 1
* 34440: obj =   5.396623250e+11 inf =   9.547e-08 (322157)
* 34476: obj =   5.396345342e+11 inf =   9.448e-08 (322211)
* 34513: obj =   5.396027797e+11 inf =   7.613e-06 (322331)
* 34542: obj =   5.395858342e+11 inf =   7.615e-06 (322179) 1
* 34576: obj =   5.395679191e+11 inf =   3.095e-05 (322212)
* 34612: obj =   5.395652533e+11 inf =   3.227e-05 (322208)
* 34647: obj =   5.395652533e+11 inf =   4.617e-05 (322238)
* 34683: obj =   5.395444550e+11 inf =   4.615e-05 (322644)
* 34715: obj =   5.395273760e+11 inf =   4.615e-05 (322669) 1
* 34750: obj =   5.394991385e+11 inf =   4.615e-05 (322747)
* 34786: obj =   5.394686197e+11 inf =   4.614e-05 (322872)
* 34815: obj =   5.394410870e+11 inf =   4.614e-05 (317515) 1
* 34853: obj =   5.394337188e+11 inf =   4.610e-05 (317792)
* 34887: obj =   5.394314314e+11 inf =   4.606e-05 (317930)
* 34928: obj =   5.393948273e+11 inf =   4.606e-05 (317766)
* 34969: obj =   5.393556480e+11 inf =   4.605e-05 (315125)
* 35002: obj =   5.393164783e+11 inf =   4.604e-05 (315315) 1
* 35041: obj =   5.392652571e+11 inf =   4.603e-05 (315630)
* 35083: obj =   5.392323402e+11 inf =   4.602e-05 (315722)
* 35118: obj =   5.392020741e+11 inf =   4.602e-05 (315674) 1
* 35158: obj =   5.391583051e+11 inf =   4.601e-05 (315528)
* 35200: obj =   5.391312161e+11 inf =   4.599e-05 (316571)
* 35231: obj =   5.391015031e+11 inf =   4.599e-05 (315864) 1
* 35267: obj =   5.390643892e+11 inf =   4.598e-05 (316330)
* 35306: obj =   5.390268044e+11 inf =   4.597e-05 (317057)
* 35345: obj =   5.389914061e+11 inf =   4.596e-05 (320804)
* 35378: obj =   5.389551288e+11 inf =   4.596e-05 (320470) 1
* 35420: obj =   5.389301856e+11 inf =   4.591e-05 (320654)
* 35460: obj =   5.389006323e+11 inf =   4.590e-05 (320749)
* 35497: obj =   5.388863375e+11 inf =   4.590e-05 (321342)
* 35533: obj =   5.388593557e+11 inf =   4.590e-05 (320565) 1
* 35573: obj =   5.388324889e+11 inf =   5.619e-05 (320314)
* 35612: obj =   5.388027704e+11 inf =   1.181e-06 (331467)
* 35649: obj =   5.388027704e+11 inf =   1.471e-05 (331371) 1
* 35690: obj =   5.388027704e+11 inf =   1.461e-05 (331258)
* 35729: obj =   5.387970856e+11 inf =   1.451e-05 (319106)
* 35765: obj =   5.387783135e+11 inf =   1.452e-05 (319338) 1
* 35804: obj =   5.387426322e+11 inf =   1.451e-05 (319375)
* 35842: obj =   5.386914581e+11 inf =   1.451e-05 (319636)
* 35878: obj =   5.386576154e+11 inf =   1.450e-05 (319566) 1
* 35919: obj =   5.386118285e+11 inf =   1.450e-05 (319597)
* 35957: obj =   5.385631407e+11 inf =   1.450e-05 (319873)
* 35997: obj =   5.385324280e+11 inf =   1.450e-05 (316111)
* 36032: obj =   5.384890351e+11 inf =   1.450e-05 (316961) 1
* 36071: obj =   5.384423462e+11 inf =   1.450e-05 (316401)
* 36111: obj =   5.383995334e+11 inf =   1.450e-05 (316560)
* 36152: obj =   5.383531829e+11 inf =   1.450e-05 (316440)
* 36185: obj =   5.383205899e+11 inf =   1.451e-05 (316446) 1
* 36225: obj =   5.382596860e+11 inf =   1.451e-05 (316663)
* 36265: obj =   5.381878639e+11 inf =   1.450e-05 (316744)
* 36296: obj =   5.381537613e+11 inf =   1.451e-05 (316914) 1
* 36335: obj =   5.380966385e+11 inf =   1.451e-05 (316815)
* 36375: obj =   5.380254587e+11 inf =   1.451e-05 (317847)
* 36411: obj =   5.379985345e+11 inf =   1.451e-05 (316322)
* 36442: obj =   5.379629290e+11 inf =   1.452e-05 (320502) 1
* 36482: obj =   5.379063619e+11 inf =   1.452e-05 (321100)
* 36520: obj =   5.378979134e+11 inf =   6.092e-05 (322069)
* 36556: obj =   5.378822237e+11 inf =   5.598e-05 (321865) 1
* 36596: obj =   5.378555482e+11 inf =   6.859e-05 (323884)
* 36634: obj =   5.378352565e+11 inf =   6.859e-05 (324537)
* 36674: obj =   5.378123062e+11 inf =   6.858e-05 (325105)
* 36710: obj =   5.377661424e+11 inf =   6.859e-05 (324560) 1
* 36748: obj =   5.377374205e+11 inf =   6.858e-05 (324770)
* 36785: obj =   5.377055872e+11 inf =   6.857e-05 (325000) 1
* 36826: obj =   5.376515576e+11 inf =   6.857e-05 (325071)
* 36865: obj =   5.376142308e+11 inf =   6.857e-05 (325008)
* 36905: obj =   5.375799555e+11 inf =   6.856e-05 (325161)
* 36941: obj =   5.375326346e+11 inf =   6.855e-05 (325770) 1
* 36980: obj =   5.374973607e+11 inf =   6.854e-05 (326158)
* 37019: obj =   5.374856455e+11 inf =   6.850e-05 (325398)
* 37054: obj =   5.374653522e+11 inf =   6.850e-05 (325174) 1
* 37092: obj =   5.374437225e+11 inf =   6.850e-05 (325846)
* 37131: obj =   5.374109820e+11 inf =   6.850e-05 (326162)
* 37169: obj =   5.373916148e+11 inf =   6.849e-05 (325859) 1
* 37209: obj =   5.373719732e+11 inf =   6.849e-05 (325777)
* 37247: obj =   5.373421545e+11 inf =   6.848e-05 (326753)
* 37288: obj =   5.373177486e+11 inf =   6.847e-05 (326734)
* 37320: obj =   5.372848311e+11 inf =   6.846e-05 (326717)
* 37342: obj =   5.372673156e+11 inf =   6.845e-05 (321579) 1
* 37379: obj =   5.372143778e+11 inf =   6.845e-05 (321456)
* 37406: obj =   5.371860813e+11 inf =   6.844e-05 (321497)
* 37433: obj =   5.371784584e+11 inf =   4.736e-04 (321780)
* 37453: obj =   5.371783729e+11 inf =   5.703e-04 (321500)
* 37470: obj =   5.371493746e+11 inf =   5.702e-04 (321619) 1
* 37507: obj =   5.371208409e+11 inf =   6.267e-04 (321976)
* 37543: obj =   5.371137644e+11 inf =   7.902e-04 (321953)
* 37567: obj =   5.371028256e+11 inf =   8.400e-04 (321969)
* 37597: obj =   5.370924716e+11 inf =   9.034e-04 (321903) 1
* 37636: obj =   5.370924716e+11 inf =   9.026e-04 (321939)
* 37676: obj =   5.370924716e+11 inf =   9.146e-04 (321940)
* 37715: obj =   5.370924716e+11 inf =   9.262e-04 (321928)
* 37756: obj =   5.370924716e+11 inf =   9.202e-04 (321957)
* 37791: obj =   5.370924716e+11 inf =   9.330e-04 (322062) 1
* 37827: obj =   5.370924716e+11 inf =   9.304e-04 (322111)
* 37867: obj =   5.370793638e+11 inf =   9.300e-04 (322216)
* 37907: obj =   5.370374098e+11 inf =   9.300e-04 (322416)
* 37941: obj =   5.370106133e+11 inf =   9.300e-04 (322485) 1
* 37982: obj =   5.369597128e+11 inf =   9.300e-04 (322670)
* 38022: obj =   5.369186290e+11 inf =   9.299e-04 (322954)
* 38056: obj =   5.368963420e+11 inf =   9.299e-04 (323027) 1
* 38095: obj =   5.368612706e+11 inf =   9.299e-04 (323098)
* 38135: obj =   5.368146506e+11 inf =   9.298e-04 (323684)
* 38175: obj =   5.367838320e+11 inf =   9.297e-04 (323011) 1
* 38217: obj =   5.367310181e+11 inf =   9.296e-04 (324129)
* 38263: obj =   5.366814398e+11 inf =   9.294e-04 (323995)
* 38302: obj =   5.366528387e+11 inf =   9.294e-04 (327025) 1
* 38348: obj =   5.366053042e+11 inf =   9.293e-04 (327248)
* 38391: obj =   5.365536592e+11 inf =   9.292e-04 (327167)
* 38428: obj =   5.365208178e+11 inf =   9.291e-04 (331809) 1
* 38468: obj =   5.364876663e+11 inf =   9.290e-04 (331865)
* 38508: obj =   5.364583003e+11 inf =   9.287e-04 (331757)
* 38548: obj =   5.364551277e+11 inf =   9.279e-04 (331800) 1
* 38587: obj =   5.364551277e+11 inf =   9.272e-04 (331844)
* 38628: obj =   5.364551277e+11 inf =   9.265e-04 (331933)
* 38671: obj =   5.364216326e+11 inf =   9.263e-04 (331955)
* 38707: obj =   5.363913386e+11 inf =   9.261e-04 (331987) 1
* 38747: obj =   5.363811631e+11 inf =   9.256e-04 (332149)
* 38790: obj =   5.363811631e+11 inf =   9.247e-04 (332206)
* 38831: obj =   5.363811631e+11 inf =   9.240e-04 (332292)
