GLPSOL: GLPK LP/MIP Solver, v4.65
Parameter(s) specified in the command line:
 --log result\single-year-20221017T1627\scenario_all_together.log --write
 C:\Users\MOUADH~1\AppData\Local\Temp\tmpm7701ccp.glpk.raw --wglp C:\Users\MOUADH~1\AppData\Local\Temp\tmp1qk60nb0.glpk.glp
 --cpxlp C:\Users\MOUADH~1\AppData\Local\Temp\tmppegcepvi.pyomo.lp
Reading problem data from 'C:\Users\MOUADH~1\AppData\Local\Temp\tmppegcepvi.pyomo.lp'...
100545 rows, 112754 columns, 382241 non-zeros
796644 lines were read
Writing problem data to 'C:\Users\MOUADH~1\AppData\Local\Temp\tmp1qk60nb0.glpk.glp'...
647841 lines were written
GLPK Simplex Optimizer, v4.65
100545 rows, 112754 columns, 382241 non-zeros
Preprocessing...
76467 rows, 92314 columns, 315056 non-zeros
Scaling...
 A: min|aij| =  1.300e-04  max|aij| =  2.433e+01  ratio =  1.871e+05
GM: min|aij| =  2.225e-01  max|aij| =  4.495e+00  ratio =  2.020e+01
EQ: min|aij| =  4.950e-02  max|aij| =  1.000e+00  ratio =  2.020e+01
Constructing initial basis...
Size of triangular part is 76464
      0: obj =   1.034603662e+12 inf =   1.680e+06 (215)
    567: obj =   1.052385955e+12 inf =   6.895e-11 (0) 4
*  2025: obj =   6.757091636e+11 inf =   8.962e-12 (13964) 13
*  3260: obj =   6.408169017e+11 inf =   9.926e-10 (16025) 11
*  4221: obj =   5.834631359e+11 inf =   2.437e-11 (17554) 8
*  5368: obj =   4.597831824e+11 inf =   2.832e-11 (17521) 10
*  6598: obj =   3.235242880e+11 inf =   3.647e-11 (16073) 10
*  7606: obj =   2.372198752e+11 inf =   3.118e-11 (16440) 9
*  8690: obj =   1.876267493e+11 inf =   2.300e-11 (17403) 8
*  9795: obj =   1.599909461e+11 inf =   1.571e-10 (16946) 9
* 10769: obj =   1.410681615e+11 inf =   8.476e-11 (17488) 8
* 11857: obj =   1.250549689e+11 inf =   3.742e-11 (17070) 9
* 12878: obj =   1.117321286e+11 inf =   1.659e-11 (17236) 8
* 13826: obj =   1.035233119e+11 inf =   8.369e-11 (16768) 8
* 14768: obj =   7.651584885e+10 inf =   3.689e-11 (17911) 8
* 15680: obj =   7.213040430e+10 inf =   1.387e-11 (17493) 7
* 16522: obj =   6.897191693e+10 inf =   1.289e-11 (16681) 7
* 17363: obj =   6.330512140e+10 inf =   6.780e-11 (17569) 7
* 18170: obj =   6.001635595e+10 inf =   3.316e-11 (17818) 7
* 18929: obj =   5.661130606e+10 inf =   2.519e-11 (18303) 6
* 19763: obj =   5.391777541e+10 inf =   2.635e-11 (15287) 6
* 20435: obj =   5.215352153e+10 inf =   1.944e-11 (17644) 5
* 21128: obj =   5.111983910e+10 inf =   1.131e-11 (17877) 6
* 21866: obj =   4.958116363e+10 inf =   1.230e-11 (17359) 6
* 22574: obj =   4.783166977e+10 inf =   1.247e-11 (16427) 5
* 23330: obj =   4.640447035e+10 inf =   1.705e-11 (15927) 6
* 24113: obj =   4.508458235e+10 inf =   9.478e-12 (16758) 7
* 24868: obj =   4.407150636e+10 inf =   1.494e-08 (16538) 6
* 25581: obj =   4.333181137e+10 inf =   1.744e-11 (15607) 5
* 26505: obj =   4.248736771e+10 inf =   1.331e-11 (16425) 6
* 27306: obj =   4.193583909e+10 inf =   5.101e-11 (17238) 6
* 28100: obj =   4.123675640e+10 inf =   3.961e-08 (17414) 7
* 28981: obj =   4.079926692e+10 inf =   1.613e-11 (15866) 7
* 29732: obj =   4.029140471e+10 inf =   4.441e-11 (15116) 6
* 30571: obj =   3.985446244e+10 inf =   8.963e-11 (14434) 7
* 31402: obj =   3.929111983e+10 inf =   8.790e-12 (16359) 7
* 32171: obj =   3.899962512e+10 inf =   1.064e-11 (13805) 6
* 32971: obj =   3.859412476e+10 inf =   1.058e-08 (14807) 6
* 33774: obj =   3.823090075e+10 inf =   4.266e-09 (14799) 7
* 34525: obj =   3.800398771e+10 inf =   7.658e-11 (14678) 6
* 35382: obj =   3.774539995e+10 inf =   1.334e-11 (13925) 6
* 36183: obj =   3.744581383e+10 inf =   2.292e-11 (13418) 7
* 36940: obj =   3.725613148e+10 inf =   1.430e-11 (13947) 6
* 37823: obj =   3.704618024e+10 inf =   2.009e-11 (12914) 7
* 38650: obj =   3.687827002e+10 inf =   9.145e-12 (17001) 7
* 39443: obj =   3.668130146e+10 inf =   1.045e-11 (10884) 6
* 40321: obj =   3.656898832e+10 inf =   1.378e-09 (11103) 7
* 41157: obj =   3.643510092e+10 inf =   2.558e-11 (9072) 6
* 41923: obj =   3.631370672e+10 inf =   6.506e-11 (8135) 6
* 42775: obj =   3.618913483e+10 inf =   1.880e-11 (11993) 7
* 43608: obj =   3.609804243e+10 inf =   3.978e-11 (8012) 6
* 44413: obj =   3.603405399e+10 inf =   1.316e-11 (12532) 7
* 45330: obj =   3.598377483e+10 inf =   1.278e-11 (6009) 7
* 46141: obj =   3.589651865e+10 inf =   1.078e-11 (4104) 6
* 46997: obj =   3.584910735e+10 inf =   9.536e-12 (1561) 6
* 47716: obj =   3.584474867e+10 inf =   1.464e-09 (0) 4
OPTIMAL LP SOLUTION FOUND
Time used:   271.5 secs
Memory used: 135.0 Mb (141583939 bytes)
Writing basic solution to 'C:\Users\MOUADH~1\AppData\Local\Temp\tmpm7701ccp.glpk.raw'...
213308 lines were written
