GLPSOL: GLPK LP/MIP Solver, v4.65
Parameter(s) specified in the command line:
 --log result\single-year-20221017T1717\scenario_stock_prices.log --write
 C:\Users\MOUADH~1\AppData\Local\Temp\tmpttdc9437.glpk.raw --wglp C:\Users\MOUADH~1\AppData\Local\Temp\tmpz24p5uvs.glpk.glp
 --cpxlp C:\Users\MOUADH~1\AppData\Local\Temp\tmp2dl73jt9.pyomo.lp
Reading problem data from 'C:\Users\MOUADH~1\AppData\Local\Temp\tmp2dl73jt9.pyomo.lp'...
2895 rows, 2896 columns, 9625 non-zeros
21220 lines were read
Writing problem data to 'C:\Users\MOUADH~1\AppData\Local\Temp\tmpz24p5uvs.glpk.glp'...
16967 lines were written
GLPK Simplex Optimizer, v4.65
2895 rows, 2896 columns, 9625 non-zeros
Preprocessing...
2131 rows, 2304 columns, 7584 non-zeros
Scaling...
 A: min|aij| =  4.926e-04  max|aij| =  8.760e+02  ratio =  1.778e+06
GM: min|aij| =  2.783e-01  max|aij| =  3.594e+00  ratio =  1.292e+01
EQ: min|aij| =  7.742e-02  max|aij| =  1.000e+00  ratio =  1.292e+01
Constructing initial basis...
Size of triangular part is 2128
      0: obj =   7.810608194e+11 inf =   7.863e+05 (6)
     21: obj =   7.910583053e+11 inf =   1.046e-11 (0)
*   445: obj =   1.677943571e+10 inf =   1.855e-11 (0) 3
OPTIMAL LP SOLUTION FOUND
Time used:   0.1 secs
Memory used: 3.6 Mb (3725907 bytes)
Writing basic solution to 'C:\Users\MOUADH~1\AppData\Local\Temp\tmpttdc9437.glpk.raw'...
5800 lines were written
