GLPSOL: GLPK LP/MIP Solver, v4.65
Parameter(s) specified in the command line:
 --log result\single-year-20221017T1602\scenario_base.log --write C:\Users\MOUADH~1\AppData\Local\Temp\tmpz8yhaaej.glpk.raw
 --wglp C:\Users\MOUADH~1\AppData\Local\Temp\tmpoe0hsaig.glpk.glp --cpxlp
 C:\Users\MOUADH~1\AppData\Local\Temp\tmpc4re0y9j.pyomo.lp
Reading problem data from 'C:\Users\MOUADH~1\AppData\Local\Temp\tmpc4re0y9j.pyomo.lp'...
200985 rows, 225794 columns, 765714 non-zeros
1594477 lines were read
Writing problem data to 'C:\Users\MOUADH~1\AppData\Local\Temp\tmpoe0hsaig.glpk.glp'...
1296994 lines were written
GLPK Simplex Optimizer, v4.65
200985 rows, 225794 columns, 765714 non-zeros
Preprocessing...
153079 rows, 185053 columns, 631866 non-zeros
Scaling...
 A: min|aij| =  1.229e-04  max|aij| =  1.217e+01  ratio =  9.899e+04
GM: min|aij| =  2.204e-01  max|aij| =  4.538e+00  ratio =  2.059e+01
EQ: min|aij| =  4.857e-02  max|aij| =  1.000e+00  ratio =  2.059e+01
Constructing initial basis...
Size of triangular part is 153076
      0: obj =   7.449251125e+11 inf =   2.415e+06 (423)
Perturbing LP to avoid stalling [199]...
    666: obj =   7.566283019e+11 inf =   1.102e+06 (101) 4
    734: obj =   7.593164629e+11 inf =   9.292e-10 (0)
Warning: basis matrix is ill-conditioned (cond = 4.48e+13)
*  1304: obj =   5.560073930e+11 inf =   5.006e-09 (34233) 6
*  1929: obj =   5.408669214e+11 inf =   1.051e-08 (35405) 5
*  2363: obj =   5.332462337e+11 inf =   1.101e-08 (35503) 4
*  2884: obj =   5.248649878e+11 inf =   1.701e-08 (36199) 4
*  3384: obj =   5.170491353e+11 inf =   4.551e-08 (35685) 4
*  3848: obj =   5.114677347e+11 inf =   4.151e-08 (36190) 3
*  4355: obj =   5.053163420e+11 inf =   3.751e-08 (36411) 4
*  4917: obj =   4.975133649e+11 inf =   6.526e-08 (36627) 4
*  5403: obj =   4.906205892e+11 inf =   6.976e-08 (36880) 4
*  5883: obj =   4.847481374e+11 inf =   1.168e-07 (37716) 4
*  6412: obj =   4.752795334e+11 inf =   1.435e-07 (37027) 4
*  6900: obj =   4.655716072e+11 inf =   1.405e-07 (37331) 4
*  7408: obj =   4.535207551e+11 inf =   1.716e-07 (37346) 4
*  7966: obj =   4.389145370e+11 inf =   2.831e-06 (38124) 4
*  8428: obj =   4.232675849e+11 inf =   2.911e-06 (39656) 4
*  8951: obj =   4.028613563e+11 inf =   2.942e-06 (38992) 4
*  9465: obj =   3.689197917e+11 inf =   3.020e-06 (39710) 4
*  9941: obj =   3.354854793e+11 inf =   4.889e-07 (39040) 4
* 10389: obj =   3.215986012e+11 inf =   6.150e-07 (36498) 4
* 10865: obj =   3.146762805e+11 inf =   6.486e-07 (37897) 3
* 11134: obj =   3.116375733e+11 inf =   6.943e-07 (39234) 2
* 11519: obj =   3.061458144e+11 inf =   7.810e-07 (40205) 3
* 11985: obj =   3.013657887e+11 inf =   8.424e-07 (41175) 4
* 12429: obj =   2.998381829e+11 inf =   8.461e-07 (39836) 4
* 12929: obj =   2.975443322e+11 inf =   8.825e-07 (39352) 4
* 13394: obj =   2.963671340e+11 inf =   8.919e-07 (40689) 4
* 13834: obj =   2.949954096e+11 inf =   8.884e-07 (40888) 4
* 14308: obj =   2.908994906e+11 inf =   8.011e-07 (41177) 4
* 14692: obj =   2.891178415e+11 inf =   1.156e-06 (37801) 3
* 15139: obj =   2.844086368e+11 inf =   1.126e-06 (37840) 3
* 15621: obj =   2.824705126e+11 inf =   1.215e-06 (36392) 4
* 16053: obj =   2.797602321e+11 inf =   1.270e-06 (37799) 3
* 16432: obj =   2.768145133e+11 inf =   1.637e-06 (37371) 2
* 16848: obj =   2.744233221e+11 inf =   1.454e-06 (34730) 4
* 17249: obj =   2.730397677e+11 inf =   1.549e-06 (36439) 3
* 17640: obj =   2.723718888e+11 inf =   1.509e-06 (37074) 4
* 18050: obj =   2.708154228e+11 inf =   1.560e-06 (37139) 4
* 18493: obj =   2.665106549e+11 inf =   1.504e-06 (34944) 3
* 18944: obj =   2.627530524e+11 inf =   3.760e-06 (35085) 4
* 19420: obj =   2.554068796e+11 inf =   3.617e-06 (37450) 4
* 19834: obj =   2.493409021e+11 inf =   3.726e-06 (35298) 3
* 20293: obj =   2.419547076e+11 inf =   3.767e-06 (36233) 3
* 20750: obj =   2.362050023e+11 inf =   3.712e-06 (34079) 3
* 21161: obj =   2.302289808e+11 inf =   3.967e-06 (36441) 3
* 21581: obj =   2.225082276e+11 inf =   4.336e-06 (39605) 3
* 22012: obj =   2.179432223e+11 inf =   4.423e-06 (37468) 4
* 22405: obj =   2.091735340e+11 inf =   4.310e-06 (36099) 3
* 22825: obj =   2.038363097e+11 inf =   7.606e-06 (36585) 3
* 23207: obj =   1.988358287e+11 inf =   7.305e-06 (36460) 4
* 23602: obj =   1.931153295e+11 inf =   7.451e-06 (36845) 3
* 24038: obj =   1.871882831e+11 inf =   7.484e-06 (35272) 3
* 24449: obj =   1.801205774e+11 inf =   6.021e-06 (36276) 3
* 24785: obj =   1.768526044e+11 inf =   5.851e-06 (38190) 2
* 25115: obj =   1.734564881e+11 inf =   8.430e-06 (37139) 3
* 25467: obj =   1.698886812e+11 inf =   8.060e-06 (35538) 2
* 25844: obj =   1.667480451e+11 inf =   8.268e-06 (35834) 3
* 26272: obj =   1.633830529e+11 inf =   7.847e-06 (34839) 4
* 26665: obj =   1.598186334e+11 inf =   8.465e-06 (35329) 2
* 27046: obj =   1.569905161e+11 inf =   8.680e-06 (35963) 3
* 27467: obj =   1.534171478e+11 inf =   8.825e-06 (37660) 4
* 27863: obj =   1.510068748e+11 inf =   1.092e-05 (37038) 3
* 28198: obj =   1.479175451e+11 inf =   1.120e-05 (37253) 2
* 28570: obj =   1.442080418e+11 inf =   1.053e-05 (36606) 3
* 28987: obj =   1.403713715e+11 inf =   1.006e-05 (36496) 3
* 29386: obj =   1.376835000e+11 inf =   1.016e-05 (36530) 3
* 29844: obj =   1.351366018e+11 inf =   7.530e-06 (34947) 3
* 30244: obj =   1.332724074e+11 inf =   8.149e-06 (34911) 4
* 30640: obj =   1.310761455e+11 inf =   8.394e-06 (37065) 3
* 31044: obj =   1.295753462e+11 inf =   1.023e-05 (37217) 2
* 31392: obj =   1.284579109e+11 inf =   1.025e-05 (38666) 3
* 31773: obj =   1.269515307e+11 inf =   1.038e-05 (35276) 3
* 32175: obj =   1.259544119e+11 inf =   1.076e-05 (34920) 3
* 32566: obj =   1.247744012e+11 inf =   1.076e-05 (36903) 3
* 32938: obj =   1.239229690e+11 inf =   1.074e-05 (35458) 3
* 33315: obj =   1.231326331e+11 inf =   1.061e-05 (35746) 2
* 33625: obj =   1.223696508e+11 inf =   1.153e-05 (35933) 3
* 33964: obj =   1.216290742e+11 inf =   1.257e-05 (35882) 2
* 34369: obj =   1.203423406e+11 inf =   1.283e-05 (36358) 3
* 34750: obj =   1.189091492e+11 inf =   1.278e-05 (36215) 2
* 35179: obj =   1.180032304e+11 inf =   1.300e-05 (38102) 3
* 35499: obj =   1.175142994e+11 inf =   1.277e-05 (33625) 3
* 35732: obj =   1.165870843e+11 inf =   1.265e-05 (34723) 2
* 36043: obj =   1.159845639e+11 inf =   1.422e-05 (34008) 2
* 36392: obj =   1.149011606e+11 inf =   1.397e-05 (35341) 2
* 36602: obj =   1.140768192e+11 inf =   1.395e-05 (37006) 2
* 36959: obj =   1.133364839e+11 inf =   1.425e-05 (34668) 2
* 37283: obj =   1.121427010e+11 inf =   1.451e-05 (35757) 3
* 37565: obj =   1.111328507e+11 inf =   1.437e-05 (34954) 2
* 37842: obj =   1.103507286e+11 inf =   1.459e-05 (36559) 2
* 38101: obj =   1.100670661e+11 inf =   1.504e-05 (36524) 2
* 38386: obj =   1.076308545e+11 inf =   1.670e-05 (39214) 3
* 38606: obj =   1.073477710e+11 inf =   1.637e-05 (35314) 1
* 38811: obj =   1.069544164e+11 inf =   1.580e-05 (35776) 2
* 39062: obj =   1.064417195e+11 inf =   1.447e-05 (38007) 1
Warning: basis matrix is ill-conditioned (cond = 3.51e+14)
* 39388: obj =   1.062332307e+11 inf =   1.251e-05 (36135) 3
* 39675: obj =   1.055559085e+11 inf =   1.240e-05 (40169) 3
* 39960: obj =   1.049081038e+11 inf =   1.179e-05 (37393) 2
* 40282: obj =   1.043245519e+11 inf =   1.347e-05 (35459) 2
* 40537: obj =   1.034376977e+11 inf =   1.221e-05 (35478) 3
* 40753: obj =   1.031376610e+11 inf =   1.310e-05 (38823) 1
* 41028: obj =   1.027554402e+11 inf =   1.241e-05 (35074) 3
* 41327: obj =   1.018806228e+11 inf =   1.192e-05 (35944) 2
* 41608: obj =   1.012854877e+11 inf =   1.212e-05 (36566) 2
* 41901: obj =   1.006860772e+11 inf =   1.267e-05 (36268) 2
* 42239: obj =   9.973319259e+10 inf =   1.305e-05 (35275) 2
* 42544: obj =   9.860537821e+10 inf =   1.244e-05 (39396) 2
* 42843: obj =   9.802582699e+10 inf =   1.240e-05 (35494) 3
* 43158: obj =   9.717375454e+10 inf =   1.252e-05 (38732) 2
* 43461: obj =   9.625041636e+10 inf =   1.233e-05 (37095) 2
* 43763: obj =   9.418332287e+10 inf =   7.243e-05 (36322) 3
* 44088: obj =   9.219857141e+10 inf =   7.194e-05 (38474) 2
* 44420: obj =   9.105820137e+10 inf =   7.014e-05 (42185) 3
* 44697: obj =   9.075078574e+10 inf =   7.138e-05 (37986) 2
* 45020: obj =   9.026972617e+10 inf =   8.329e-05 (36261) 2
* 45325: obj =   8.941797156e+10 inf =   8.319e-05 (35439) 2
* 45672: obj =   8.819272818e+10 inf =   8.270e-05 (36677) 3
* 45992: obj =   8.593014399e+10 inf =   8.249e-05 (37511) 2
* 46321: obj =   8.472380313e+10 inf =   6.546e-05 (40554) 3
* 46648: obj =   8.427479293e+10 inf =   1.152e-05 (35554) 2
* 46910: obj =   8.396379408e+10 inf =   1.167e-05 (36298) 3
* 47212: obj =   8.396379408e+10 inf =   1.167e-05 (36111) 2
* 47514: obj =   8.360545800e+10 inf =   1.367e-05 (37188) 3
* 47842: obj =   8.325968760e+10 inf =   1.431e-05 (42592) 2
* 48105: obj =   8.303608606e+10 inf =   1.761e-05 (42021) 2
* 48393: obj =   8.233917010e+10 inf =   1.731e-05 (37234) 2
* 48697: obj =   8.171135132e+10 inf =   1.674e-05 (39059) 2
* 48981: obj =   8.123115412e+10 inf =   1.992e-05 (36470) 2
* 49267: obj =   8.058122959e+10 inf =   1.703e-05 (39370) 3
* 49534: obj =   7.996224040e+10 inf =   1.753e-05 (36549) 2
* 49753: obj =   7.948386285e+10 inf =   1.721e-05 (37581) 1
* 50056: obj =   7.886441530e+10 inf =   1.717e-05 (37099) 2
* 50361: obj =   7.816689740e+10 inf =   1.699e-05 (35140) 3
* 50666: obj =   7.749374859e+10 inf =   1.693e-05 (35563) 2
* 50974: obj =   7.699953823e+10 inf =   1.677e-05 (37524) 3
* 51255: obj =   7.646434116e+10 inf =   1.671e-05 (40514) 2
* 51499: obj =   7.601347374e+10 inf =   1.684e-05 (37126) 1
* 51798: obj =   7.556158786e+10 inf =   1.704e-05 (36055) 3
* 52121: obj =   7.494545569e+10 inf =   1.787e-05 (36608) 2
* 52438: obj =   7.415098441e+10 inf =   1.823e-05 (36659) 2
* 52792: obj =   7.368036015e+10 inf =   1.845e-05 (37714) 3
* 53114: obj =   7.293488994e+10 inf =   1.767e-05 (40836) 2
* 53388: obj =   7.097025827e+10 inf =   1.767e-05 (38283) 2
* 53683: obj =   7.039272581e+10 inf =   1.777e-05 (38598) 3
* 53967: obj =   6.988523791e+10 inf =   1.794e-05 (34051) 2
* 54237: obj =   6.930079075e+10 inf =   1.768e-05 (35655) 2
* 54562: obj =   6.822541988e+10 inf =   1.817e-05 (43401) 2
* 54894: obj =   6.755752655e+10 inf =   1.924e-05 (41342) 2
* 55231: obj =   6.610417481e+10 inf =   1.841e-05 (42876) 3
* 55596: obj =   6.549009793e+10 inf =   1.353e-04 (37896) 3
* 55900: obj =   6.532913010e+10 inf =   1.346e-04 (43358) 2
* 56259: obj =   6.496465607e+10 inf =   1.344e-04 (39452) 3
* 56648: obj =   6.488572621e+10 inf =   2.478e-05 (42480) 3
* 56966: obj =   6.423506292e+10 inf =   2.140e-05 (37142) 2
* 57278: obj =   6.152536869e+10 inf =   3.652e-05 (35849) 2
* 57591: obj =   5.883472483e+10 inf =   4.275e-05 (37386) 3
* 57880: obj =   5.652138622e+10 inf =   4.269e-05 (36736) 2
* 58141: obj =   5.499452003e+10 inf =   4.277e-05 (36927) 2
* 58461: obj =   5.389454594e+10 inf =   3.089e-05 (37449) 2
* 58768: obj =   5.283564400e+10 inf =   3.099e-05 (36891) 2
* 59065: obj =   5.193784418e+10 inf =   1.077e-04 (36074) 3
* 59414: obj =   5.136839305e+10 inf =   3.257e-05 (34015) 2
* 59700: obj =   5.100825189e+10 inf =   2.582e-05 (37906) 3
* 59922: obj =   5.065998911e+10 inf =   2.552e-05 (37309) 1
* 60215: obj =   5.028082756e+10 inf =   2.533e-05 (37988) 2
* 60463: obj =   4.996295474e+10 inf =   2.563e-05 (37664) 2
* 60715: obj =   4.960850035e+10 inf =   2.586e-05 (37490) 2
* 61009: obj =   4.924682145e+10 inf =   2.590e-05 (41715) 2
* 61287: obj =   4.890852909e+10 inf =   2.533e-05 (36342) 2
* 61578: obj =   4.861637167e+10 inf =   3.324e-05 (45229) 2
* 61888: obj =   4.843155090e+10 inf =   2.752e-05 (36516) 3
* 62166: obj =   4.824782612e+10 inf =   2.948e-05 (42979) 2
* 62451: obj =   4.802804529e+10 inf =   2.984e-05 (36707) 1
* 62752: obj =   4.774061040e+10 inf =   2.954e-05 (37674) 3
* 63002: obj =   4.752165101e+10 inf =   2.997e-05 (38552) 1
* 63260: obj =   4.722286873e+10 inf =   1.834e-04 (43545) 2
* 63530: obj =   4.704609551e+10 inf =   1.827e-04 (35134) 2
* 63757: obj =   4.690582616e+10 inf =   4.365e-05 (43655) 2
* 63998: obj =   4.670402272e+10 inf =   4.422e-05 (36692) 2
* 64271: obj =   4.646114433e+10 inf =   4.390e-05 (35597) 2
* 64553: obj =   4.628130759e+10 inf =   4.868e-05 (45128) 2
* 64876: obj =   4.608703800e+10 inf =   4.858e-05 (32849) 2
* 65214: obj =   4.586554448e+10 inf =   4.840e-05 (39545) 2
* 65528: obj =   4.570262785e+10 inf =   3.483e-05 (35019) 2
* 65858: obj =   4.553223985e+10 inf =   3.452e-05 (33643) 3
* 66206: obj =   4.530720594e+10 inf =   3.420e-05 (33430) 2
* 66522: obj =   4.510128150e+10 inf =   6.718e-05 (36832) 2
* 66859: obj =   4.493349983e+10 inf =   6.703e-05 (35905) 3
* 67205: obj =   4.475970129e+10 inf =   6.606e-05 (35620) 2
* 67507: obj =   4.461485032e+10 inf =   6.568e-05 (36690) 2
* 67860: obj =   4.446100100e+10 inf =   6.526e-05 (36259) 3
* 68179: obj =   4.432515611e+10 inf =   3.446e-05 (35822) 2
* 68504: obj =   4.420168450e+10 inf =   6.979e-05 (33329) 2
* 68856: obj =   4.407307029e+10 inf =   6.958e-05 (34980) 3
* 69193: obj =   4.395706844e+10 inf =   6.940e-05 (41904) 2
* 69525: obj =   4.382588865e+10 inf =   3.483e-05 (33683) 2
* 69865: obj =   4.370419474e+10 inf =   3.403e-05 (36349) 3
* 70184: obj =   4.353863766e+10 inf =   3.386e-05 (34710) 2
* 70501: obj =   4.340512015e+10 inf =   3.313e-05 (36638) 2
* 70852: obj =   4.327864263e+10 inf =   3.244e-05 (40781) 3
* 71166: obj =   4.312875875e+10 inf =   3.555e-05 (37123) 2
* 71510: obj =   4.302838323e+10 inf =   3.725e-05 (36931) 3
* 71948: obj =   4.293499383e+10 inf =   3.862e-05 (41236) 2
* 72289: obj =   4.288246161e+10 inf =   4.486e-05 (34180) 2
* 72608: obj =   4.271427306e+10 inf =   4.533e-05 (36801) 3
* 72950: obj =   4.246085549e+10 inf =   4.519e-05 (35857) 2
* 73269: obj =   4.228262445e+10 inf =   5.222e-05 (35623) 3
* 73598: obj =   4.214018331e+10 inf =   5.130e-05 (32883) 2
* 73933: obj =   4.193426282e+10 inf =   5.138e-05 (33406) 2
* 74230: obj =   4.171720543e+10 inf =   5.165e-05 (31879) 3
* 74558: obj =   4.149381271e+10 inf =   5.214e-05 (34602) 2
* 74898: obj =   4.134116180e+10 inf =   5.152e-05 (33920) 2
* 75201: obj =   4.117541752e+10 inf =   5.084e-05 (32352) 2
* 75532: obj =   4.101350452e+10 inf =   4.465e-05 (36912) 3
* 75867: obj =   4.089270656e+10 inf =   4.490e-05 (33146) 2
* 76177: obj =   4.075636597e+10 inf =   7.440e-05 (32427) 3
* 76503: obj =   4.058836921e+10 inf =   7.435e-05 (36509) 2
* 76817: obj =   4.040682191e+10 inf =   7.490e-05 (31671) 2
* 77107: obj =   4.023994512e+10 inf =   7.475e-05 (34917) 2
* 77359: obj =   4.005471378e+10 inf =   7.423e-05 (32597) 2
* 77670: obj =   3.988242682e+10 inf =   5.245e-05 (35461) 2
* 77970: obj =   3.971179310e+10 inf =   5.292e-05 (32403) 2
* 78280: obj =   3.951693295e+10 inf =   6.872e-05 (35376) 3
* 78604: obj =   3.938475749e+10 inf =   7.310e-05 (34735) 2
* 78948: obj =   3.932693810e+10 inf =   6.364e-05 (32195) 3
* 79277: obj =   3.909260877e+10 inf =   6.157e-05 (31017) 3
* 79597: obj =   3.896490038e+10 inf =   1.803e-04 (36090) 2
* 79907: obj =   3.887213258e+10 inf =   1.781e-04 (34620) 2
* 80247: obj =   3.875646962e+10 inf =   1.771e-04 (32057) 2
* 80551: obj =   3.868549319e+10 inf =   1.771e-04 (32830) 3
* 80897: obj =   3.859659053e+10 inf =   1.763e-04 (34711) 2
* 81240: obj =   3.848082094e+10 inf =   1.764e-04 (31046) 2
* 81537: obj =   3.843272863e+10 inf =   1.812e-04 (33853) 2
* 81853: obj =   3.835307347e+10 inf =   1.812e-04 (32122) 3
* 82215: obj =   3.822420847e+10 inf =   1.810e-04 (30659) 2
* 82524: obj =   3.812082830e+10 inf =   1.838e-04 (30136) 3
* 82874: obj =   3.804816233e+10 inf =   1.828e-04 (34675) 2
* 83217: obj =   3.793817706e+10 inf =   1.832e-04 (31908) 3
* 83524: obj =   3.780219746e+10 inf =   7.023e-05 (29534) 2
* 83860: obj =   3.765086388e+10 inf =   7.128e-05 (32485) 3
* 84202: obj =   3.752897555e+10 inf =   7.679e-05 (30518) 2
* 84502: obj =   3.746396051e+10 inf =   8.746e-05 (29656) 3
* 84841: obj =   3.739839372e+10 inf =   8.761e-05 (31451) 2
* 85177: obj =   3.735078867e+10 inf =   8.799e-05 (29413) 3
* 85496: obj =   3.727688306e+10 inf =   8.709e-05 (28862) 2
Warning: basis matrix is ill-conditioned (cond = 6.21e+13)
Warning: basis matrix is ill-conditioned (cond = 2.7e+13)
* 85838: obj =   3.722653415e+10 inf =   1.041e-04 (30190) 5
* 86171: obj =   3.718579877e+10 inf =   8.746e-05 (28863) 3
* 86474: obj =   3.712512048e+10 inf =   8.302e-05 (36057) 2
* 86808: obj =   3.704965175e+10 inf =   8.374e-05 (35050) 3
* 87127: obj =   3.696350665e+10 inf =   9.142e-05 (33859) 2
* 87457: obj =   3.695251041e+10 inf =   2.714e-04 (31043) 4
* 87779: obj =   3.688601308e+10 inf =   2.659e-04 (28965) 2
* 88074: obj =   3.682169551e+10 inf =   2.655e-04 (29692) 2
* 88403: obj =   3.680560380e+10 inf =   2.336e-04 (31545) 3
* 88739: obj =   3.675338327e+10 inf =   2.191e-04 (34147) 3
* 89059: obj =   3.670211969e+10 inf =   2.386e-04 (35434) 2
* 89399: obj =   3.666233050e+10 inf =   2.329e-04 (31993) 3
* 89752: obj =   3.657582199e+10 inf =   2.293e-04 (32438) 2
* 90062: obj =   3.651541704e+10 inf =   2.244e-04 (30562) 3
* 90399: obj =   3.645453768e+10 inf =   2.219e-04 (29701) 2
* 90735: obj =   3.639919427e+10 inf =   2.055e-04 (32074) 3
* 91028: obj =   3.634448619e+10 inf =   2.127e-04 (32268) 2
* 91363: obj =   3.630125149e+10 inf =   2.605e-04 (30528) 3
* 91703: obj =   3.625669485e+10 inf =   2.464e-04 (32909) 2
* 92013: obj =   3.620992379e+10 inf =   2.461e-04 (32873) 3
* 92349: obj =   3.619464892e+10 inf =   3.358e-04 (32282) 3
* 92691: obj =   3.614015337e+10 inf =   3.378e-04 (31785) 2
* 92999: obj =   3.608084090e+10 inf =   3.384e-04 (31274) 2
* 93311: obj =   3.602039735e+10 inf =   3.409e-04 (33796) 3
* 93657: obj =   3.597110364e+10 inf =   3.410e-04 (33448) 2
* 93952: obj =   3.592270469e+10 inf =   3.410e-04 (31989) 3
* 94283: obj =   3.586550631e+10 inf =   3.391e-04 (29574) 3
