GLPSOL: GLPK LP/MIP Solver, v4.65
Parameter(s) specified in the command line:
 --log result\single-year-20221017T1411\scenario_no_dsm.log --write C:\Users\MOUADH~1\AppData\Local\Temp\tmpjtss4ou8.glpk.raw
 --wglp C:\Users\MOUADH~1\AppData\Local\Temp\tmpx4xhsabd.glpk.glp --cpxlp
 C:\Users\MOUADH~1\AppData\Local\Temp\tmpf8j5exfe.pyomo.lp
Reading problem data from 'C:\Users\MOUADH~1\AppData\Local\Temp\tmpf8j5exfe.pyomo.lp'...
5385 rows, 5220 columns, 16961 non-zeros
38350 lines were read
Writing problem data to 'C:\Users\MOUADH~1\AppData\Local\Temp\tmpx4xhsabd.glpk.glp'...
30327 lines were written
GLPK Simplex Optimizer, v4.65
5385 rows, 5220 columns, 16961 non-zeros
Preprocessing...
4171 rows, 4166 columns, 13552 non-zeros
Scaling...
 A: min|aij| =  2.463e-04  max|aij| =  4.380e+02  ratio =  1.778e+06
GM: min|aij| =  2.477e-01  max|aij| =  4.038e+00  ratio =  1.630e+01
EQ: min|aij| =  6.134e-02  max|aij| =  1.000e+00  ratio =  1.630e+01
Constructing initial basis...
Size of triangular part is 4168
      0: obj =   5.423944421e+11 inf =   8.635e+05 (17)
     34: obj =   5.774437273e+11 inf =   1.833e-11 (0)
*  1050: obj =   1.798484260e+10 inf =   4.023e-12 (0) 8
OPTIMAL LP SOLUTION FOUND
Time used:   0.2 secs
Memory used: 6.5 Mb (6864971 bytes)
Writing basic solution to 'C:\Users\MOUADH~1\AppData\Local\Temp\tmpjtss4ou8.glpk.raw'...
10614 lines were written
